2021-12-16 09:30:46,275:INFO: model = topk_10_mfbe_bpr_weightdecay_0_batch_1024_dim_64_pinterest_neg_50_adam_0.001_norm_False_emb_dropout0_dnn_False_one; epoch = 0; train_loss = -1.000000; test: logloss_one = 0.693147; recall_one = 0.099661; hr_one = 0.099661; ndcg_one = 0.045560
2021-12-16 09:30:48,459:INFO: model = topk_10_mf_bpr_weightdecay_0_batch_1024_dim_64_pinterest_neg_50_adam_0.001_norm_False_emb_dropout0_dnn_False_one; epoch = 0; train_loss = -1.000000; test: logloss_one = 0.693147; recall_one = 0.097940; hr_one = 0.097940; ndcg_one = 0.044333
2021-12-16 09:30:49,273:INFO: model = topk_10_mf_list_weightdecay_0_batch_1024_dim_64_pinterest_neg_50_adam_0.001_norm_False_emb_dropout0_dnn_False_one; epoch = 0; train_loss = -1.000000; test: logloss_one = 0.693147; recall_one = 0.097940; hr_one = 0.097940; ndcg_one = 0.044333
2021-12-16 09:30:53,065:INFO: model = topk_10_mfmbe_point_weightdecay_0_batch_1024_dim_64_pinterest_neg_50_adam_0.001_norm_False_emb_dropout0_dnn_False_one; epoch = 0; train_loss = -1.000000; test: logloss_one = 0.693147; recall_one = 0.099063; hr_one = 0.099063; ndcg_one = 0.044822
2021-12-16 09:30:53,822:INFO: model = topk_10_mfbesvd_list_weightdecay_0_batch_1024_dim_64_pinterest_neg_50_adam_0.001_norm_False_emb_dropout0_dnn_False_one; epoch = 0; train_loss = -1.000000; test: logloss_one = 4.302158; recall_one = 0.816261; hr_one = 0.816261; ndcg_one = 0.529664
2021-12-16 09:30:53,843:INFO: model = topk_10_mf_point_weightdecay_0_batch_1024_dim_64_pinterest_neg_50_adam_0.001_norm_False_emb_dropout0_dnn_False_one; epoch = 0; train_loss = -1.000000; test: logloss_one = 0.693147; recall_one = 0.097940; hr_one = 0.097940; ndcg_one = 0.044333
2021-12-16 09:30:54,363:INFO: model = topk_10_nmf_point_weightdecay_0_batch_1024_dim_64_pinterest_neg_50_adam_0.001_norm_False_emb_dropout0_dnn_False_one; epoch = 0; train_loss = -1.000000; test: logloss_one = 0.693371; recall_one = 0.100295; hr_one = 0.100295; ndcg_one = 0.045709
2021-12-16 09:30:55,666:INFO: model = topk_10_mfg_point_weightdecay_0_batch_1024_dim_64_pinterest_neg_50_adam_0.001_norm_False_emb_dropout0_dnn_False_one; epoch = 0; train_loss = -1.000000; test: logloss_one = 0.013300; recall_one = 0.150688; hr_one = 0.150688; ndcg_one = 0.075109
2021-12-16 09:31:00,072:INFO: model = topk_10_mfmbe_list_weightdecay_0_batch_1024_dim_64_pinterest_neg_50_adam_0.001_norm_False_emb_dropout0_dnn_False_one; epoch = 0; train_loss = -1.000000; test: logloss_one = 0.693147; recall_one = 0.099063; hr_one = 0.099063; ndcg_one = 0.044822
2021-12-16 09:31:00,080:INFO: model = topk_10_mfmbe_bpr_weightdecay_0_batch_1024_dim_64_pinterest_neg_50_adam_0.001_norm_False_emb_dropout0_dnn_False_one; epoch = 0; train_loss = -1.000000; test: logloss_one = 0.693147; recall_one = 0.099063; hr_one = 0.099063; ndcg_one = 0.044822
2021-12-16 09:31:01,992:INFO: model = topk_10_mfbe_list_weightdecay_0_batch_1024_dim_64_pinterest_neg_50_adam_0.001_norm_False_emb_dropout0_dnn_False_one; epoch = 0; train_loss = -1.000000; test: logloss_one = 0.693147; recall_one = 0.099661; hr_one = 0.099661; ndcg_one = 0.045560
2021-12-16 09:31:05,374:INFO: model = topk_10_mfbe_point_weightdecay_0_batch_1024_dim_64_pinterest_neg_50_adam_0.001_norm_False_emb_dropout0_dnn_False_one; epoch = 0; train_loss = -1.000000; test: logloss_one = 0.693147; recall_one = 0.099661; hr_one = 0.099661; ndcg_one = 0.045560
2021-12-16 09:31:06,274:INFO: model = topk_10_itemcf_list_weightdecay_0_batch_1024_dim_64_pinterest_neg_50_adam_0.001_norm_False_emb_dropout0_dnn_False_one; epoch = 0; train_loss = -1.000000; test: logloss_one = 0.369822; recall_one = 0.877145; hr_one = 0.877145; ndcg_one = 0.560826
2021-12-16 09:31:13,796:INFO: model = topk_10_itemcf_point_weightdecay_0_batch_1024_dim_64_pinterest_neg_50_adam_0.001_norm_False_emb_dropout0_dnn_False_one; epoch = 0; train_loss = -1.000000; test: logloss_one = 0.369822; recall_one = 0.877145; hr_one = 0.877145; ndcg_one = 0.560826
2021-12-16 09:31:16,009:INFO: model = topk_10_itemcf_bpr_weightdecay_0_batch_1024_dim_64_pinterest_neg_50_adam_0.001_norm_False_emb_dropout0_dnn_False_one; epoch = 0; train_loss = -1.000000; test: logloss_one = 0.369822; recall_one = 0.877145; hr_one = 0.877145; ndcg_one = 0.560826
2021-12-16 09:31:46,923:INFO: model = topk_10_nmf_list_weightdecay_0_batch_1024_dim_64_pinterest_neg_50_adam_0.001_norm_False_emb_dropout0_dnn_False_one; epoch = 0; train_loss = -1.000000; test: logloss_one = 0.693371; recall_one = 0.100295; hr_one = 0.100295; ndcg_one = 0.045709
2021-12-16 09:31:48,920:INFO: model = topk_10_nmf_bpr_weightdecay_0_batch_1024_dim_64_pinterest_neg_50_adam_0.001_norm_False_emb_dropout0_dnn_False_one; epoch = 0; train_loss = -1.000000; test: logloss_one = 0.693371; recall_one = 0.100295; hr_one = 0.100295; ndcg_one = 0.045709
2021-12-16 09:32:09,786:INFO: model = topk_10_mfbesvd_bpr_weightdecay_0_batch_1024_dim_64_pinterest_neg_50_adam_0.001_norm_False_emb_dropout0_dnn_False_one; epoch = 0; train_loss = -1.000000; test: logloss_one = 4.302158; recall_one = 0.816261; hr_one = 0.816261; ndcg_one = 0.529664
2021-12-16 09:32:25,348:INFO: model = topk_10_mf_list_weightdecay_0_batch_1024_dim_64_pinterest_neg_50_adam_0.001_norm_False_emb_dropout0_dnn_False_one; epoch = 1; train_loss = 3.085924; test: logloss_one = 0.129453; recall_one = 0.799844; hr_one = 0.799844; ndcg_one = 0.485693
2021-12-16 09:32:25,427:INFO: model = topk_10_mfbe_bpr_weightdecay_0_batch_1024_dim_64_pinterest_neg_50_adam_0.001_norm_False_emb_dropout0_dnn_False_one; epoch = 1; train_loss = 3.276272; test: logloss_one = 0.692891; recall_one = 0.123834; hr_one = 0.123834; ndcg_one = 0.056880
2021-12-16 09:32:25,864:INFO: model = topk_10_mf_bpr_weightdecay_0_batch_1024_dim_64_pinterest_neg_50_adam_0.001_norm_False_emb_dropout0_dnn_False_one; epoch = 1; train_loss = 0.421590; test: logloss_one = 0.142808; recall_one = 0.796184; hr_one = 0.796184; ndcg_one = 0.480688
2021-12-16 09:32:26,024:INFO: model = topk_10_mfg_point_weightdecay_0_batch_1024_dim_64_pinterest_neg_50_adam_0.001_norm_False_emb_dropout0_dnn_False_one; epoch = 1; train_loss = 0.214968; test: logloss_one = 3.732527; recall_one = 0.247015; hr_one = 0.247015; ndcg_one = 0.122839
2021-12-16 09:32:26,129:INFO: model = topk_10_nmf_point_weightdecay_0_batch_1024_dim_64_pinterest_neg_50_adam_0.001_norm_False_emb_dropout0_dnn_False_one; epoch = 1; train_loss = 0.091912; test: logloss_one = 2.390893; recall_one = 0.752840; hr_one = 0.752840; ndcg_one = 0.447106
2021-12-16 09:32:30,273:INFO: model = topk_10_mfmbe_point_weightdecay_0_batch_1024_dim_64_pinterest_neg_50_adam_0.001_norm_False_emb_dropout0_dnn_False_one; epoch = 1; train_loss = 1.049657; test: logloss_one = 3.816425; recall_one = 0.267690; hr_one = 0.267690; ndcg_one = 0.136800
2021-12-16 09:32:30,305:INFO: model = topk_10_mfbesvd_list_weightdecay_0_batch_1024_dim_64_pinterest_neg_50_adam_0.001_norm_False_emb_dropout0_dnn_False_one; epoch = 1; train_loss = 11.053117; test: logloss_one = 3.730739; recall_one = 0.684654; hr_one = 0.684654; ndcg_one = 0.447488
2021-12-16 09:32:33,085:INFO: model = topk_10_mf_point_weightdecay_0_batch_1024_dim_64_pinterest_neg_50_adam_0.001_norm_False_emb_dropout0_dnn_False_one; epoch = 1; train_loss = 0.219969; test: logloss_one = 3.601577; recall_one = 0.270227; hr_one = 0.270227; ndcg_one = 0.137973
2021-12-16 09:32:33,365:INFO: model = topk_10_mfmbe_bpr_weightdecay_0_batch_1024_dim_64_pinterest_neg_50_adam_0.001_norm_False_emb_dropout0_dnn_False_one; epoch = 1; train_loss = 2.322594; test: logloss_one = 0.692578; recall_one = 0.149220; hr_one = 0.149220; ndcg_one = 0.072294
2021-12-16 09:32:33,914:INFO: model = topk_10_mfmbe_list_weightdecay_0_batch_1024_dim_64_pinterest_neg_50_adam_0.001_norm_False_emb_dropout0_dnn_False_one; epoch = 1; train_loss = 8.193764; test: logloss_one = 0.692804; recall_one = 0.170511; hr_one = 0.170511; ndcg_one = 0.085066
2021-12-16 09:32:38,152:INFO: model = topk_10_mfbe_list_weightdecay_0_batch_1024_dim_64_pinterest_neg_50_adam_0.001_norm_False_emb_dropout0_dnn_False_one; epoch = 1; train_loss = 11.219800; test: logloss_one = 0.693042; recall_one = 0.134887; hr_one = 0.134887; ndcg_one = 0.064788
2021-12-16 09:32:41,864:INFO: model = topk_10_mfbe_point_weightdecay_0_batch_1024_dim_64_pinterest_neg_50_adam_0.001_norm_False_emb_dropout0_dnn_False_one; epoch = 1; train_loss = 1.512498; test: logloss_one = 2.900887; recall_one = 0.266295; hr_one = 0.266295; ndcg_one = 0.136029
2021-12-16 09:33:20,851:INFO: model = topk_10_nmf_bpr_weightdecay_0_batch_1024_dim_64_pinterest_neg_50_adam_0.001_norm_False_emb_dropout0_dnn_False_one; epoch = 1; train_loss = 0.252201; test: logloss_one = 0.034283; recall_one = 0.838168; hr_one = 0.838168; ndcg_one = 0.514447
2021-12-16 09:33:23,062:INFO: model = topk_10_nmf_list_weightdecay_0_batch_1024_dim_64_pinterest_neg_50_adam_0.001_norm_False_emb_dropout0_dnn_False_one; epoch = 1; train_loss = 2.468809; test: logloss_one = 0.058176; recall_one = 0.841484; hr_one = 0.841484; ndcg_one = 0.519271
2021-12-16 09:33:44,424:INFO: model = topk_10_mfbesvd_bpr_weightdecay_0_batch_1024_dim_64_pinterest_neg_50_adam_0.001_norm_False_emb_dropout0_dnn_False_one; epoch = 1; train_loss = 3.005776; test: logloss_one = 3.608519; recall_one = 0.703209; hr_one = 0.703209; ndcg_one = 0.460386
2021-12-16 09:33:57,259:INFO: model = topk_10_mfg_point_weightdecay_0_batch_1024_dim_64_pinterest_neg_50_adam_0.001_norm_False_emb_dropout0_dnn_False_one; epoch = 2; train_loss = 0.091030; test: logloss_one = 3.642984; recall_one = 0.296936; hr_one = 0.296936; ndcg_one = 0.155559
2021-12-16 09:33:57,922:INFO: model = topk_10_nmf_point_weightdecay_0_batch_1024_dim_64_pinterest_neg_50_adam_0.001_norm_False_emb_dropout0_dnn_False_one; epoch = 2; train_loss = 0.053952; test: logloss_one = 1.961946; recall_one = 0.856995; hr_one = 0.856995; ndcg_one = 0.536058
2021-12-16 09:33:59,491:INFO: model = topk_10_mf_list_weightdecay_0_batch_1024_dim_64_pinterest_neg_50_adam_0.001_norm_False_emb_dropout0_dnn_False_one; epoch = 2; train_loss = 1.842869; test: logloss_one = 0.056830; recall_one = 0.850110; hr_one = 0.850110; ndcg_one = 0.527711
2021-12-16 09:34:03,847:INFO: model = topk_10_mf_bpr_weightdecay_0_batch_1024_dim_64_pinterest_neg_50_adam_0.001_norm_False_emb_dropout0_dnn_False_one; epoch = 2; train_loss = 0.130080; test: logloss_one = 0.059431; recall_one = 0.840832; hr_one = 0.840832; ndcg_one = 0.515322
2021-12-16 09:34:04,374:INFO: model = topk_10_mfbe_bpr_weightdecay_0_batch_1024_dim_64_pinterest_neg_50_adam_0.001_norm_False_emb_dropout0_dnn_False_one; epoch = 2; train_loss = 1.436941; test: logloss_one = 0.627831; recall_one = 0.711653; hr_one = 0.711653; ndcg_one = 0.419366
2021-12-16 09:34:05,385:INFO: model = topk_10_mf_point_weightdecay_0_batch_1024_dim_64_pinterest_neg_50_adam_0.001_norm_False_emb_dropout0_dnn_False_one; epoch = 2; train_loss = 0.090041; test: logloss_one = 3.667144; recall_one = 0.270480; hr_one = 0.270480; ndcg_one = 0.137799
2021-12-16 09:34:06,065:INFO: model = topk_10_mfbesvd_list_weightdecay_0_batch_1024_dim_64_pinterest_neg_50_adam_0.001_norm_False_emb_dropout0_dnn_False_one; epoch = 2; train_loss = 3.683804; test: logloss_one = 3.377620; recall_one = 0.785710; hr_one = 0.785710; ndcg_one = 0.500778
2021-12-16 09:34:06,081:INFO: model = topk_10_mfmbe_bpr_weightdecay_0_batch_1024_dim_64_pinterest_neg_50_adam_0.001_norm_False_emb_dropout0_dnn_False_one; epoch = 2; train_loss = 1.121274; test: logloss_one = 0.483471; recall_one = 0.744269; hr_one = 0.744269; ndcg_one = 0.440554
2021-12-16 09:34:06,871:INFO: model = topk_10_mfmbe_list_weightdecay_0_batch_1024_dim_64_pinterest_neg_50_adam_0.001_norm_False_emb_dropout0_dnn_False_one; epoch = 2; train_loss = 4.090493; test: logloss_one = 0.446592; recall_one = 0.732256; hr_one = 0.732256; ndcg_one = 0.427049
2021-12-16 09:34:07,867:INFO: model = topk_10_mfmbe_point_weightdecay_0_batch_1024_dim_64_pinterest_neg_50_adam_0.001_norm_False_emb_dropout0_dnn_False_one; epoch = 2; train_loss = 0.130044; test: logloss_one = 4.270846; recall_one = 0.269212; hr_one = 0.269212; ndcg_one = 0.136767
2021-12-16 09:34:13,504:INFO: model = topk_10_mfbe_list_weightdecay_0_batch_1024_dim_64_pinterest_neg_50_adam_0.001_norm_False_emb_dropout0_dnn_False_one; epoch = 2; train_loss = 4.294314; test: logloss_one = 0.641975; recall_one = 0.696903; hr_one = 0.696903; ndcg_one = 0.401814
2021-12-16 09:34:15,831:INFO: model = topk_10_mfbe_point_weightdecay_0_batch_1024_dim_64_pinterest_neg_50_adam_0.001_norm_False_emb_dropout0_dnn_False_one; epoch = 2; train_loss = 0.164126; test: logloss_one = 4.099216; recall_one = 0.268686; hr_one = 0.268686; ndcg_one = 0.136877
2021-12-16 09:34:52,526:INFO: model = topk_10_nmf_bpr_weightdecay_0_batch_1024_dim_64_pinterest_neg_50_adam_0.001_norm_False_emb_dropout0_dnn_False_one; epoch = 2; train_loss = 0.086540; test: logloss_one = 0.015185; recall_one = 0.865023; hr_one = 0.865023; ndcg_one = 0.538973
2021-12-16 09:34:58,255:INFO: model = topk_10_nmf_list_weightdecay_0_batch_1024_dim_64_pinterest_neg_50_adam_0.001_norm_False_emb_dropout0_dnn_False_one; epoch = 2; train_loss = 1.551630; test: logloss_one = 0.020271; recall_one = 0.867614; hr_one = 0.867614; ndcg_one = 0.547185
2021-12-16 09:35:18,158:INFO: model = topk_10_mfbesvd_bpr_weightdecay_0_batch_1024_dim_64_pinterest_neg_50_adam_0.001_norm_False_emb_dropout0_dnn_False_one; epoch = 2; train_loss = 0.986904; test: logloss_one = 2.852314; recall_one = 0.787541; hr_one = 0.787541; ndcg_one = 0.502655
2021-12-16 09:35:26,980:INFO: model = topk_10_mfg_point_weightdecay_0_batch_1024_dim_64_pinterest_neg_50_adam_0.001_norm_False_emb_dropout0_dnn_False_one; epoch = 3; train_loss = 0.083588; test: logloss_one = 3.035645; recall_one = 0.578089; hr_one = 0.578089; ndcg_one = 0.332557
2021-12-16 09:35:32,639:INFO: model = topk_10_nmf_point_weightdecay_0_batch_1024_dim_64_pinterest_neg_50_adam_0.001_norm_False_emb_dropout0_dnn_False_one; epoch = 3; train_loss = 0.047384; test: logloss_one = 1.907039; recall_one = 0.872053; hr_one = 0.872053; ndcg_one = 0.557484
2021-12-16 09:35:33,817:INFO: model = topk_10_mf_list_weightdecay_0_batch_1024_dim_64_pinterest_neg_50_adam_0.001_norm_False_emb_dropout0_dnn_False_one; epoch = 3; train_loss = 1.595382; test: logloss_one = 0.041912; recall_one = 0.865403; hr_one = 0.865403; ndcg_one = 0.541115
2021-12-16 09:35:38,368:INFO: model = topk_10_mf_point_weightdecay_0_batch_1024_dim_64_pinterest_neg_50_adam_0.001_norm_False_emb_dropout0_dnn_False_one; epoch = 3; train_loss = 0.089699; test: logloss_one = 3.670101; recall_one = 0.269864; hr_one = 0.269864; ndcg_one = 0.138034
2021-12-16 09:35:39,281:INFO: model = topk_10_mfmbe_bpr_weightdecay_0_batch_1024_dim_64_pinterest_neg_50_adam_0.001_norm_False_emb_dropout0_dnn_False_one; epoch = 3; train_loss = 0.356998; test: logloss_one = 0.102167; recall_one = 0.799971; hr_one = 0.799971; ndcg_one = 0.480575
2021-12-16 09:35:40,213:INFO: model = topk_10_mfmbe_list_weightdecay_0_batch_1024_dim_64_pinterest_neg_50_adam_0.001_norm_False_emb_dropout0_dnn_False_one; epoch = 3; train_loss = 2.657429; test: logloss_one = 0.084344; recall_one = 0.817838; hr_one = 0.817838; ndcg_one = 0.497366
2021-12-16 09:35:41,069:INFO: model = topk_10_mf_bpr_weightdecay_0_batch_1024_dim_64_pinterest_neg_50_adam_0.001_norm_False_emb_dropout0_dnn_False_one; epoch = 3; train_loss = 0.096015; test: logloss_one = 0.041731; recall_one = 0.857684; hr_one = 0.857684; ndcg_one = 0.531403
2021-12-16 09:35:43,220:INFO: model = topk_10_mfbesvd_list_weightdecay_0_batch_1024_dim_64_pinterest_neg_50_adam_0.001_norm_False_emb_dropout0_dnn_False_one; epoch = 3; train_loss = 2.654559; test: logloss_one = 2.489879; recall_one = 0.845163; hr_one = 0.845163; ndcg_one = 0.535939
2021-12-16 09:35:43,817:INFO: model = topk_10_mfbe_bpr_weightdecay_0_batch_1024_dim_64_pinterest_neg_50_adam_0.001_norm_False_emb_dropout0_dnn_False_one; epoch = 3; train_loss = 0.519351; test: logloss_one = 0.196865; recall_one = 0.781217; hr_one = 0.781217; ndcg_one = 0.463272
2021-12-16 09:35:46,887:INFO: model = topk_10_mfmbe_point_weightdecay_0_batch_1024_dim_64_pinterest_neg_50_adam_0.001_norm_False_emb_dropout0_dnn_False_one; epoch = 3; train_loss = 0.107055; test: logloss_one = 4.067108; recall_one = 0.269049; hr_one = 0.269049; ndcg_one = 0.137608
2021-12-16 09:35:47,332:INFO: model = topk_10_mfbe_list_weightdecay_0_batch_1024_dim_64_pinterest_neg_50_adam_0.001_norm_False_emb_dropout0_dnn_False_one; epoch = 3; train_loss = 3.288873; test: logloss_one = 0.175234; recall_one = 0.768786; hr_one = 0.768786; ndcg_one = 0.459792
2021-12-16 09:35:50,872:INFO: model = topk_10_mfbe_point_weightdecay_0_batch_1024_dim_64_pinterest_neg_50_adam_0.001_norm_False_emb_dropout0_dnn_False_one; epoch = 3; train_loss = 0.116043; test: logloss_one = 4.074071; recall_one = 0.268469; hr_one = 0.268469; ndcg_one = 0.136813
2021-12-16 09:36:24,143:INFO: model = topk_10_nmf_bpr_weightdecay_0_batch_1024_dim_64_pinterest_neg_50_adam_0.001_norm_False_emb_dropout0_dnn_False_one; epoch = 3; train_loss = 0.065095; test: logloss_one = 0.013456; recall_one = 0.871818; hr_one = 0.871818; ndcg_one = 0.548111
2021-12-16 09:36:35,581:INFO: model = topk_10_nmf_list_weightdecay_0_batch_1024_dim_64_pinterest_neg_50_adam_0.001_norm_False_emb_dropout0_dnn_False_one; epoch = 3; train_loss = 1.344789; test: logloss_one = 0.015728; recall_one = 0.874246; hr_one = 0.874246; ndcg_one = 0.558755
2021-12-16 09:36:56,843:INFO: model = topk_10_mfg_point_weightdecay_0_batch_1024_dim_64_pinterest_neg_50_adam_0.001_norm_False_emb_dropout0_dnn_False_one; epoch = 4; train_loss = 0.069343; test: logloss_one = 2.468175; recall_one = 0.761212; hr_one = 0.761212; ndcg_one = 0.454117
2021-12-16 09:36:58,139:INFO: model = topk_10_mfbesvd_bpr_weightdecay_0_batch_1024_dim_64_pinterest_neg_50_adam_0.001_norm_False_emb_dropout0_dnn_False_one; epoch = 3; train_loss = 0.320957; test: logloss_one = 2.314621; recall_one = 0.841031; hr_one = 0.841031; ndcg_one = 0.533073
2021-12-16 09:37:04,323:INFO: model = topk_10_nmf_point_weightdecay_0_batch_1024_dim_64_pinterest_neg_50_adam_0.001_norm_False_emb_dropout0_dnn_False_one; epoch = 4; train_loss = 0.043380; test: logloss_one = 1.988619; recall_one = 0.873140; hr_one = 0.873140; ndcg_one = 0.562847
2021-12-16 09:37:08,311:INFO: model = topk_10_mf_list_weightdecay_0_batch_1024_dim_64_pinterest_neg_50_adam_0.001_norm_False_emb_dropout0_dnn_False_one; epoch = 4; train_loss = 1.474893; test: logloss_one = 0.035834; recall_one = 0.871999; hr_one = 0.871999; ndcg_one = 0.549108
2021-12-16 09:37:09,774:INFO: model = topk_10_mf_point_weightdecay_0_batch_1024_dim_64_pinterest_neg_50_adam_0.001_norm_False_emb_dropout0_dnn_False_one; epoch = 4; train_loss = 0.089580; test: logloss_one = 3.648044; recall_one = 0.282838; hr_one = 0.282838; ndcg_one = 0.145741
2021-12-16 09:37:13,004:INFO: model = topk_10_mfmbe_bpr_weightdecay_0_batch_1024_dim_64_pinterest_neg_50_adam_0.001_norm_False_emb_dropout0_dnn_False_one; epoch = 4; train_loss = 0.164349; test: logloss_one = 0.046988; recall_one = 0.827912; hr_one = 0.827912; ndcg_one = 0.504013
2021-12-16 09:37:13,124:INFO: model = topk_10_mfmbe_list_weightdecay_0_batch_1024_dim_64_pinterest_neg_50_adam_0.001_norm_False_emb_dropout0_dnn_False_one; epoch = 4; train_loss = 1.990266; test: logloss_one = 0.043830; recall_one = 0.848660; hr_one = 0.848660; ndcg_one = 0.526190
2021-12-16 09:37:18,552:INFO: model = topk_10_mf_bpr_weightdecay_0_batch_1024_dim_64_pinterest_neg_50_adam_0.001_norm_False_emb_dropout0_dnn_False_one; epoch = 4; train_loss = 0.081103; test: logloss_one = 0.034578; recall_one = 0.866635; hr_one = 0.866635; ndcg_one = 0.539750
2021-12-16 09:37:19,555:INFO: model = topk_10_mfbesvd_list_weightdecay_0_batch_1024_dim_64_pinterest_neg_50_adam_0.001_norm_False_emb_dropout0_dnn_False_one; epoch = 4; train_loss = 2.064717; test: logloss_one = 1.722067; recall_one = 0.866980; hr_one = 0.866980; ndcg_one = 0.552660
2021-12-16 09:37:22,877:INFO: model = topk_10_mfbe_list_weightdecay_0_batch_1024_dim_64_pinterest_neg_50_adam_0.001_norm_False_emb_dropout0_dnn_False_one; epoch = 4; train_loss = 2.358878; test: logloss_one = 0.058347; recall_one = 0.824723; hr_one = 0.824723; ndcg_one = 0.502652
2021-12-16 09:37:23,526:INFO: model = topk_10_mfbe_bpr_weightdecay_0_batch_1024_dim_64_pinterest_neg_50_adam_0.001_norm_False_emb_dropout0_dnn_False_one; epoch = 4; train_loss = 0.229591; test: logloss_one = 0.064471; recall_one = 0.810753; hr_one = 0.810753; ndcg_one = 0.488245
2021-12-16 09:37:24,378:INFO: model = topk_10_mfmbe_point_weightdecay_0_batch_1024_dim_64_pinterest_neg_50_adam_0.001_norm_False_emb_dropout0_dnn_False_one; epoch = 4; train_loss = 0.100093; test: logloss_one = 3.891536; recall_one = 0.307355; hr_one = 0.307355; ndcg_one = 0.162372
2021-12-16 09:37:31,459:INFO: model = topk_10_mfbe_point_weightdecay_0_batch_1024_dim_64_pinterest_neg_50_adam_0.001_norm_False_emb_dropout0_dnn_False_one; epoch = 4; train_loss = 0.105495; test: logloss_one = 3.984936; recall_one = 0.268088; hr_one = 0.268088; ndcg_one = 0.136018
2021-12-16 09:37:56,120:INFO: model = topk_10_nmf_bpr_weightdecay_0_batch_1024_dim_64_pinterest_neg_50_adam_0.001_norm_False_emb_dropout0_dnn_False_one; epoch = 4; train_loss = 0.052638; test: logloss_one = 0.013659; recall_one = 0.873032; hr_one = 0.873032; ndcg_one = 0.550786
2021-12-16 09:38:13,036:INFO: model = topk_10_nmf_list_weightdecay_0_batch_1024_dim_64_pinterest_neg_50_adam_0.001_norm_False_emb_dropout0_dnn_False_one; epoch = 4; train_loss = 1.161412; test: logloss_one = 0.014647; recall_one = 0.874572; hr_one = 0.874572; ndcg_one = 0.559285
2021-12-16 09:38:26,673:INFO: model = topk_10_mfg_point_weightdecay_0_batch_1024_dim_64_pinterest_neg_50_adam_0.001_norm_False_emb_dropout0_dnn_False_one; epoch = 5; train_loss = 0.060436; test: logloss_one = 2.235861; recall_one = 0.813452; hr_one = 0.813452; ndcg_one = 0.492122
2021-12-16 09:38:37,061:INFO: model = topk_10_nmf_point_weightdecay_0_batch_1024_dim_64_pinterest_neg_50_adam_0.001_norm_False_emb_dropout0_dnn_False_one; epoch = 5; train_loss = 0.039637; test: logloss_one = 2.095531; recall_one = 0.866001; hr_one = 0.866001; ndcg_one = 0.556455
2021-12-16 09:38:38,438:INFO: model = topk_10_mfbesvd_bpr_weightdecay_0_batch_1024_dim_64_pinterest_neg_50_adam_0.001_norm_False_emb_dropout0_dnn_False_one; epoch = 4; train_loss = 0.176849; test: logloss_one = 1.837402; recall_one = 0.863047; hr_one = 0.863047; ndcg_one = 0.547899
2021-12-16 09:38:42,247:INFO: model = topk_10_mf_list_weightdecay_0_batch_1024_dim_64_pinterest_neg_50_adam_0.001_norm_False_emb_dropout0_dnn_False_one; epoch = 5; train_loss = 1.388709; test: logloss_one = 0.032682; recall_one = 0.875587; hr_one = 0.875587; ndcg_one = 0.554680
2021-12-16 09:38:44,564:INFO: model = topk_10_mf_point_weightdecay_0_batch_1024_dim_64_pinterest_neg_50_adam_0.001_norm_False_emb_dropout0_dnn_False_one; epoch = 5; train_loss = 0.085654; test: logloss_one = 3.225072; recall_one = 0.463171; hr_one = 0.463171; ndcg_one = 0.262627
2021-12-16 09:38:45,792:INFO: model = topk_10_mfmbe_bpr_weightdecay_0_batch_1024_dim_64_pinterest_neg_50_adam_0.001_norm_False_emb_dropout0_dnn_False_one; epoch = 5; train_loss = 0.124005; test: logloss_one = 0.033369; recall_one = 0.846467; hr_one = 0.846467; ndcg_one = 0.519289
2021-12-16 09:38:46,504:INFO: model = topk_10_mfmbe_list_weightdecay_0_batch_1024_dim_64_pinterest_neg_50_adam_0.001_norm_False_emb_dropout0_dnn_False_one; epoch = 5; train_loss = 1.768714; test: logloss_one = 0.034187; recall_one = 0.862667; hr_one = 0.862667; ndcg_one = 0.538490
2021-12-16 09:38:56,325:INFO: model = topk_10_mf_bpr_weightdecay_0_batch_1024_dim_64_pinterest_neg_50_adam_0.001_norm_False_emb_dropout0_dnn_False_one; epoch = 5; train_loss = 0.071582; test: logloss_one = 0.030902; recall_one = 0.871183; hr_one = 0.871183; ndcg_one = 0.544083
2021-12-16 09:38:57,968:INFO: model = topk_10_mfbesvd_list_weightdecay_0_batch_1024_dim_64_pinterest_neg_50_adam_0.001_norm_False_emb_dropout0_dnn_False_one; epoch = 5; train_loss = 1.722756; test: logloss_one = 1.315935; recall_one = 0.876311; hr_one = 0.876311; ndcg_one = 0.562459
2021-12-16 09:38:58,388:INFO: model = topk_10_mfbe_list_weightdecay_0_batch_1024_dim_64_pinterest_neg_50_adam_0.001_norm_False_emb_dropout0_dnn_False_one; epoch = 5; train_loss = 1.972290; test: logloss_one = 0.038147; recall_one = 0.844565; hr_one = 0.844565; ndcg_one = 0.522148
2021-12-16 09:39:02,219:INFO: model = topk_10_mfmbe_point_weightdecay_0_batch_1024_dim_64_pinterest_neg_50_adam_0.001_norm_False_emb_dropout0_dnn_False_one; epoch = 5; train_loss = 0.094477; test: logloss_one = 3.696233; recall_one = 0.369689; hr_one = 0.369689; ndcg_one = 0.197512
2021-12-16 09:39:02,784:INFO: model = topk_10_mfbe_bpr_weightdecay_0_batch_1024_dim_64_pinterest_neg_50_adam_0.001_norm_False_emb_dropout0_dnn_False_one; epoch = 5; train_loss = 0.152874; test: logloss_one = 0.038494; recall_one = 0.831210; hr_one = 0.831210; ndcg_one = 0.506659
2021-12-16 09:39:11,010:INFO: model = topk_10_mfbe_point_weightdecay_0_batch_1024_dim_64_pinterest_neg_50_adam_0.001_norm_False_emb_dropout0_dnn_False_one; epoch = 5; train_loss = 0.100128; test: logloss_one = 3.895168; recall_one = 0.278653; hr_one = 0.278653; ndcg_one = 0.143445
2021-12-16 09:39:27,549:INFO: model = topk_10_nmf_bpr_weightdecay_0_batch_1024_dim_64_pinterest_neg_50_adam_0.001_norm_False_emb_dropout0_dnn_False_one; epoch = 5; train_loss = 0.042174; test: logloss_one = 0.014735; recall_one = 0.869987; hr_one = 0.869987; ndcg_one = 0.550307
2021-12-16 09:39:49,925:INFO: model = topk_10_nmf_list_weightdecay_0_batch_1024_dim_64_pinterest_neg_50_adam_0.001_norm_False_emb_dropout0_dnn_False_one; epoch = 5; train_loss = 0.977008; test: logloss_one = 0.015419; recall_one = 0.867559; hr_one = 0.867559; ndcg_one = 0.553298
2021-12-16 09:39:57,203:INFO: model = topk_10_mfg_point_weightdecay_0_batch_1024_dim_64_pinterest_neg_50_adam_0.001_norm_False_emb_dropout0_dnn_False_one; epoch = 6; train_loss = 0.056164; test: logloss_one = 2.130746; recall_one = 0.834889; hr_one = 0.834889; ndcg_one = 0.509392
2021-12-16 09:40:08,742:INFO: model = topk_10_nmf_point_weightdecay_0_batch_1024_dim_64_pinterest_neg_50_adam_0.001_norm_False_emb_dropout0_dnn_False_one; epoch = 6; train_loss = 0.036461; test: logloss_one = 2.263706; recall_one = 0.858028; hr_one = 0.858028; ndcg_one = 0.548726
2021-12-16 09:40:16,802:INFO: model = topk_10_mfbesvd_bpr_weightdecay_0_batch_1024_dim_64_pinterest_neg_50_adam_0.001_norm_False_emb_dropout0_dnn_False_one; epoch = 5; train_loss = 0.124330; test: logloss_one = 1.439420; recall_one = 0.872343; hr_one = 0.872343; ndcg_one = 0.555282
2021-12-16 09:40:17,486:INFO: model = topk_10_mf_list_weightdecay_0_batch_1024_dim_64_pinterest_neg_50_adam_0.001_norm_False_emb_dropout0_dnn_False_one; epoch = 6; train_loss = 1.313831; test: logloss_one = 0.030753; recall_one = 0.878413; hr_one = 0.878413; ndcg_one = 0.560182
2021-12-16 09:40:18,341:INFO: model = topk_10_mfmbe_list_weightdecay_0_batch_1024_dim_64_pinterest_neg_50_adam_0.001_norm_False_emb_dropout0_dnn_False_one; epoch = 6; train_loss = 1.642493; test: logloss_one = 0.030062; recall_one = 0.870296; hr_one = 0.870296; ndcg_one = 0.545231
2021-12-16 09:40:19,437:INFO: model = topk_10_mfmbe_bpr_weightdecay_0_batch_1024_dim_64_pinterest_neg_50_adam_0.001_norm_False_emb_dropout0_dnn_False_one; epoch = 6; train_loss = 0.105099; test: logloss_one = 0.027974; recall_one = 0.858934; hr_one = 0.858934; ndcg_one = 0.530406
2021-12-16 09:40:20,087:INFO: model = topk_10_mf_point_weightdecay_0_batch_1024_dim_64_pinterest_neg_50_adam_0.001_norm_False_emb_dropout0_dnn_False_one; epoch = 6; train_loss = 0.071739; test: logloss_one = 2.496937; recall_one = 0.719698; hr_one = 0.719698; ndcg_one = 0.425672
2021-12-16 09:40:31,593:INFO: model = topk_10_mf_bpr_weightdecay_0_batch_1024_dim_64_pinterest_neg_50_adam_0.001_norm_False_emb_dropout0_dnn_False_one; epoch = 6; train_loss = 0.064706; test: logloss_one = 0.028825; recall_one = 0.874644; hr_one = 0.874644; ndcg_one = 0.548867
2021-12-16 09:40:34,071:INFO: model = topk_10_mfbe_list_weightdecay_0_batch_1024_dim_64_pinterest_neg_50_adam_0.001_norm_False_emb_dropout0_dnn_False_one; epoch = 6; train_loss = 1.784213; test: logloss_one = 0.031645; recall_one = 0.858264; hr_one = 0.858264; ndcg_one = 0.533772
2021-12-16 09:40:36,070:INFO: model = topk_10_mfbesvd_list_weightdecay_0_batch_1024_dim_64_pinterest_neg_50_adam_0.001_norm_False_emb_dropout0_dnn_False_one; epoch = 6; train_loss = 1.539622; test: logloss_one = 1.103504; recall_one = 0.880986; hr_one = 0.880986; ndcg_one = 0.568292
2021-12-16 09:40:41,387:INFO: model = topk_10_mfbe_bpr_weightdecay_0_batch_1024_dim_64_pinterest_neg_50_adam_0.001_norm_False_emb_dropout0_dnn_False_one; epoch = 6; train_loss = 0.122271; test: logloss_one = 0.030159; recall_one = 0.847011; hr_one = 0.847011; ndcg_one = 0.520019
2021-12-16 09:40:41,667:INFO: model = topk_10_mfmbe_point_weightdecay_0_batch_1024_dim_64_pinterest_neg_50_adam_0.001_norm_False_emb_dropout0_dnn_False_one; epoch = 6; train_loss = 0.089332; test: logloss_one = 3.483477; recall_one = 0.428162; hr_one = 0.428162; ndcg_one = 0.235690
2021-12-16 09:40:50,218:INFO: model = topk_10_mfbe_point_weightdecay_0_batch_1024_dim_64_pinterest_neg_50_adam_0.001_norm_False_emb_dropout0_dnn_False_one; epoch = 6; train_loss = 0.095871; test: logloss_one = 3.762063; recall_one = 0.322195; hr_one = 0.322195; ndcg_one = 0.172033
2021-12-16 09:40:59,282:INFO: model = topk_10_nmf_bpr_weightdecay_0_batch_1024_dim_64_pinterest_neg_50_adam_0.001_norm_False_emb_dropout0_dnn_False_one; epoch = 6; train_loss = 0.033016; test: logloss_one = 0.017405; recall_one = 0.866092; hr_one = 0.866092; ndcg_one = 0.546783
2021-12-16 09:41:26,727:INFO: model = topk_10_nmf_list_weightdecay_0_batch_1024_dim_64_pinterest_neg_50_adam_0.001_norm_False_emb_dropout0_dnn_False_one; epoch = 6; train_loss = 0.810828; test: logloss_one = 0.018686; recall_one = 0.858155; hr_one = 0.858155; ndcg_one = 0.544492
2021-12-16 09:41:27,306:INFO: model = topk_10_mfg_point_weightdecay_0_batch_1024_dim_64_pinterest_neg_50_adam_0.001_norm_False_emb_dropout0_dnn_False_one; epoch = 7; train_loss = 0.053625; test: logloss_one = 2.072131; recall_one = 0.847156; hr_one = 0.847156; ndcg_one = 0.518974
2021-12-16 09:41:40,503:INFO: model = topk_10_nmf_point_weightdecay_0_batch_1024_dim_64_pinterest_neg_50_adam_0.001_norm_False_emb_dropout0_dnn_False_one; epoch = 7; train_loss = 0.033962; test: logloss_one = 2.424337; recall_one = 0.848225; hr_one = 0.848225; ndcg_one = 0.540266
2021-12-16 09:41:51,021:INFO: model = topk_10_mfmbe_list_weightdecay_0_batch_1024_dim_64_pinterest_neg_50_adam_0.001_norm_False_emb_dropout0_dnn_False_one; epoch = 7; train_loss = 1.552780; test: logloss_one = 0.027785; recall_one = 0.873757; hr_one = 0.873757; ndcg_one = 0.550725
2021-12-16 09:41:51,935:INFO: model = topk_10_mfmbe_bpr_weightdecay_0_batch_1024_dim_64_pinterest_neg_50_adam_0.001_norm_False_emb_dropout0_dnn_False_one; epoch = 7; train_loss = 0.092430; test: logloss_one = 0.025354; recall_one = 0.866200; hr_one = 0.866200; ndcg_one = 0.538334
2021-12-16 09:41:53,144:INFO: model = topk_10_mf_list_weightdecay_0_batch_1024_dim_64_pinterest_neg_50_adam_0.001_norm_False_emb_dropout0_dnn_False_one; epoch = 7; train_loss = 1.240527; test: logloss_one = 0.029606; recall_one = 0.879011; hr_one = 0.879011; ndcg_one = 0.563900
2021-12-16 09:41:54,572:INFO: model = topk_10_mf_point_weightdecay_0_batch_1024_dim_64_pinterest_neg_50_adam_0.001_norm_False_emb_dropout0_dnn_False_one; epoch = 7; train_loss = 0.059387; test: logloss_one = 2.123271; recall_one = 0.818001; hr_one = 0.818001; ndcg_one = 0.496002
2021-12-16 09:41:56,763:INFO: model = topk_10_mfbesvd_bpr_weightdecay_0_batch_1024_dim_64_pinterest_neg_50_adam_0.001_norm_False_emb_dropout0_dnn_False_one; epoch = 6; train_loss = 0.096929; test: logloss_one = 1.164688; recall_one = 0.877924; hr_one = 0.877924; ndcg_one = 0.561057
2021-12-16 09:42:08,374:INFO: model = topk_10_mf_bpr_weightdecay_0_batch_1024_dim_64_pinterest_neg_50_adam_0.001_norm_False_emb_dropout0_dnn_False_one; epoch = 7; train_loss = 0.059195; test: logloss_one = 0.027708; recall_one = 0.875532; hr_one = 0.875532; ndcg_one = 0.552369
2021-12-16 09:42:09,363:INFO: model = topk_10_mfbe_list_weightdecay_0_batch_1024_dim_64_pinterest_neg_50_adam_0.001_norm_False_emb_dropout0_dnn_False_one; epoch = 7; train_loss = 1.656567; test: logloss_one = 0.028524; recall_one = 0.866037; hr_one = 0.866037; ndcg_one = 0.540365
2021-12-16 09:42:13,471:INFO: model = topk_10_mfbesvd_list_weightdecay_0_batch_1024_dim_64_pinterest_neg_50_adam_0.001_norm_False_emb_dropout0_dnn_False_one; epoch = 7; train_loss = 1.417329; test: logloss_one = 0.978968; recall_one = 0.883868; hr_one = 0.883868; ndcg_one = 0.572580
2021-12-16 09:42:19,512:INFO: model = topk_10_mfbe_bpr_weightdecay_0_batch_1024_dim_64_pinterest_neg_50_adam_0.001_norm_False_emb_dropout0_dnn_False_one; epoch = 7; train_loss = 0.104258; test: logloss_one = 0.026335; recall_one = 0.857630; hr_one = 0.857630; ndcg_one = 0.529265
2021-12-16 09:42:19,810:INFO: model = topk_10_mfmbe_point_weightdecay_0_batch_1024_dim_64_pinterest_neg_50_adam_0.001_norm_False_emb_dropout0_dnn_False_one; epoch = 7; train_loss = 0.082846; test: logloss_one = 3.129294; recall_one = 0.569663; hr_one = 0.569663; ndcg_one = 0.321792
2021-12-16 09:42:29,436:INFO: model = topk_10_mfbe_point_weightdecay_0_batch_1024_dim_64_pinterest_neg_50_adam_0.001_norm_False_emb_dropout0_dnn_False_one; epoch = 7; train_loss = 0.091203; test: logloss_one = 3.587015; recall_one = 0.379129; hr_one = 0.379129; ndcg_one = 0.203958
2021-12-16 09:42:31,209:INFO: model = topk_10_nmf_bpr_weightdecay_0_batch_1024_dim_64_pinterest_neg_50_adam_0.001_norm_False_emb_dropout0_dnn_False_one; epoch = 7; train_loss = 0.025717; test: logloss_one = 0.019420; recall_one = 0.859695; hr_one = 0.859695; ndcg_one = 0.541817
2021-12-16 09:42:57,293:INFO: model = topk_10_mfg_point_weightdecay_0_batch_1024_dim_64_pinterest_neg_50_adam_0.001_norm_False_emb_dropout0_dnn_False_one; epoch = 8; train_loss = 0.051219; test: logloss_one = 2.015767; recall_one = 0.856107; hr_one = 0.856107; ndcg_one = 0.525658
2021-12-16 09:43:02,880:INFO: model = topk_10_nmf_list_weightdecay_0_batch_1024_dim_64_pinterest_neg_50_adam_0.001_norm_False_emb_dropout0_dnn_False_one; epoch = 7; train_loss = 0.681196; test: logloss_one = 0.026294; recall_one = 0.847283; hr_one = 0.847283; ndcg_one = 0.533755
2021-12-16 09:43:12,237:INFO: model = topk_10_nmf_point_weightdecay_0_batch_1024_dim_64_pinterest_neg_50_adam_0.001_norm_False_emb_dropout0_dnn_False_one; epoch = 8; train_loss = 0.031055; test: logloss_one = 2.630008; recall_one = 0.843695; hr_one = 0.843695; ndcg_one = 0.535735
2021-12-16 09:43:22,762:INFO: model = topk_10_mfmbe_list_weightdecay_0_batch_1024_dim_64_pinterest_neg_50_adam_0.001_norm_False_emb_dropout0_dnn_False_one; epoch = 8; train_loss = 1.478975; test: logloss_one = 0.026532; recall_one = 0.877163; hr_one = 0.877163; ndcg_one = 0.554354
2021-12-16 09:43:25,367:INFO: model = topk_10_mfmbe_bpr_weightdecay_0_batch_1024_dim_64_pinterest_neg_50_adam_0.001_norm_False_emb_dropout0_dnn_False_one; epoch = 8; train_loss = 0.083003; test: logloss_one = 0.024070; recall_one = 0.870694; hr_one = 0.870694; ndcg_one = 0.541964
2021-12-16 09:43:28,013:INFO: model = topk_10_mf_list_weightdecay_0_batch_1024_dim_64_pinterest_neg_50_adam_0.001_norm_False_emb_dropout0_dnn_False_one; epoch = 8; train_loss = 1.166560; test: logloss_one = 0.029016; recall_one = 0.880388; hr_one = 0.880388; ndcg_one = 0.566201
2021-12-16 09:43:29,397:INFO: model = topk_10_mf_point_weightdecay_0_batch_1024_dim_64_pinterest_neg_50_adam_0.001_norm_False_emb_dropout0_dnn_False_one; epoch = 8; train_loss = 0.053738; test: logloss_one = 2.003432; recall_one = 0.841937; hr_one = 0.841937; ndcg_one = 0.516405
2021-12-16 09:43:35,353:INFO: model = topk_10_mfbesvd_bpr_weightdecay_0_batch_1024_dim_64_pinterest_neg_50_adam_0.001_norm_False_emb_dropout0_dnn_False_one; epoch = 7; train_loss = 0.080546; test: logloss_one = 0.986240; recall_one = 0.882327; hr_one = 0.882327; ndcg_one = 0.565853
2021-12-16 09:43:44,395:INFO: model = topk_10_mfbe_list_weightdecay_0_batch_1024_dim_64_pinterest_neg_50_adam_0.001_norm_False_emb_dropout0_dnn_False_one; epoch = 8; train_loss = 1.559147; test: logloss_one = 0.026979; recall_one = 0.870513; hr_one = 0.870513; ndcg_one = 0.546209
2021-12-16 09:43:45,129:INFO: model = topk_10_mf_bpr_weightdecay_0_batch_1024_dim_64_pinterest_neg_50_adam_0.001_norm_False_emb_dropout0_dnn_False_one; epoch = 8; train_loss = 0.054058; test: logloss_one = 0.027156; recall_one = 0.877308; hr_one = 0.877308; ndcg_one = 0.554679
2021-12-16 09:43:50,175:INFO: model = topk_10_mfbesvd_list_weightdecay_0_batch_1024_dim_64_pinterest_neg_50_adam_0.001_norm_False_emb_dropout0_dnn_False_one; epoch = 8; train_loss = 1.319967; test: logloss_one = 0.899722; recall_one = 0.886096; hr_one = 0.886096; ndcg_one = 0.575804
2021-12-16 09:43:57,778:INFO: model = topk_10_mfmbe_point_weightdecay_0_batch_1024_dim_64_pinterest_neg_50_adam_0.001_norm_False_emb_dropout0_dnn_False_one; epoch = 8; train_loss = 0.074627; test: logloss_one = 2.770693; recall_one = 0.693859; hr_one = 0.693859; ndcg_one = 0.408211
2021-12-16 09:43:58,879:INFO: model = topk_10_mfbe_bpr_weightdecay_0_batch_1024_dim_64_pinterest_neg_50_adam_0.001_norm_False_emb_dropout0_dnn_False_one; epoch = 8; train_loss = 0.091618; test: logloss_one = 0.024671; recall_one = 0.865004; hr_one = 0.865004; ndcg_one = 0.536596
2021-12-16 09:44:02,806:INFO: model = topk_10_nmf_bpr_weightdecay_0_batch_1024_dim_64_pinterest_neg_50_adam_0.001_norm_False_emb_dropout0_dnn_False_one; epoch = 8; train_loss = 0.019446; test: logloss_one = 0.025060; recall_one = 0.855564; hr_one = 0.855564; ndcg_one = 0.539138
2021-12-16 09:44:08,763:INFO: model = topk_10_mfbe_point_weightdecay_0_batch_1024_dim_64_pinterest_neg_50_adam_0.001_norm_False_emb_dropout0_dnn_False_one; epoch = 8; train_loss = 0.086432; test: logloss_one = 3.374686; recall_one = 0.453096; hr_one = 0.453096; ndcg_one = 0.251028
2021-12-16 09:44:27,215:INFO: model = topk_10_mfg_point_weightdecay_0_batch_1024_dim_64_pinterest_neg_50_adam_0.001_norm_False_emb_dropout0_dnn_False_one; epoch = 9; train_loss = 0.050132; test: logloss_one = 1.990649; recall_one = 0.860076; hr_one = 0.860076; ndcg_one = 0.530922
2021-12-16 09:44:37,284:INFO: model = topk_10_nmf_list_weightdecay_0_batch_1024_dim_64_pinterest_neg_50_adam_0.001_norm_False_emb_dropout0_dnn_False_one; epoch = 8; train_loss = 0.557358; test: logloss_one = 0.037502; recall_one = 0.838694; hr_one = 0.838694; ndcg_one = 0.527595
2021-12-16 09:44:44,792:INFO: model = topk_10_nmf_point_weightdecay_0_batch_1024_dim_64_pinterest_neg_50_adam_0.001_norm_False_emb_dropout0_dnn_False_one; epoch = 9; train_loss = 0.029406; test: logloss_one = 2.817081; recall_one = 0.837516; hr_one = 0.837516; ndcg_one = 0.530970
2021-12-16 09:44:55,947:INFO: model = topk_10_mfmbe_list_weightdecay_0_batch_1024_dim_64_pinterest_neg_50_adam_0.001_norm_False_emb_dropout0_dnn_False_one; epoch = 9; train_loss = 1.428500; test: logloss_one = 0.025624; recall_one = 0.879283; hr_one = 0.879283; ndcg_one = 0.558435
2021-12-16 09:44:58,250:INFO: model = topk_10_mfmbe_bpr_weightdecay_0_batch_1024_dim_64_pinterest_neg_50_adam_0.001_norm_False_emb_dropout0_dnn_False_one; epoch = 9; train_loss = 0.077054; test: logloss_one = 0.023254; recall_one = 0.873231; hr_one = 0.873231; ndcg_one = 0.545486
2021-12-16 09:45:03,810:INFO: model = topk_10_mf_list_weightdecay_0_batch_1024_dim_64_pinterest_neg_50_adam_0.001_norm_False_emb_dropout0_dnn_False_one; epoch = 9; train_loss = 1.110919; test: logloss_one = 0.028691; recall_one = 0.880262; hr_one = 0.880262; ndcg_one = 0.567279
2021-12-16 09:45:03,938:INFO: model = topk_10_mf_point_weightdecay_0_batch_1024_dim_64_pinterest_neg_50_adam_0.001_norm_False_emb_dropout0_dnn_False_one; epoch = 9; train_loss = 0.051103; test: logloss_one = 1.951038; recall_one = 0.855709; hr_one = 0.855709; ndcg_one = 0.526430
2021-12-16 09:45:14,503:INFO: model = topk_10_mfbesvd_bpr_weightdecay_0_batch_1024_dim_64_pinterest_neg_50_adam_0.001_norm_False_emb_dropout0_dnn_False_one; epoch = 8; train_loss = 0.069409; test: logloss_one = 0.870640; recall_one = 0.884466; hr_one = 0.884466; ndcg_one = 0.569358
2021-12-16 09:45:19,833:INFO: model = topk_10_mfbe_list_weightdecay_0_batch_1024_dim_64_pinterest_neg_50_adam_0.001_norm_False_emb_dropout0_dnn_False_one; epoch = 9; train_loss = 1.495081; test: logloss_one = 0.025922; recall_one = 0.873249; hr_one = 0.873249; ndcg_one = 0.549443
2021-12-16 09:45:20,876:INFO: model = topk_10_mf_bpr_weightdecay_0_batch_1024_dim_64_pinterest_neg_50_adam_0.001_norm_False_emb_dropout0_dnn_False_one; epoch = 9; train_loss = 0.050541; test: logloss_one = 0.026881; recall_one = 0.877761; hr_one = 0.877761; ndcg_one = 0.556391
2021-12-16 09:45:26,656:INFO: model = topk_10_mfbesvd_list_weightdecay_0_batch_1024_dim_64_pinterest_neg_50_adam_0.001_norm_False_emb_dropout0_dnn_False_one; epoch = 9; train_loss = 1.233723; test: logloss_one = 0.857305; recall_one = 0.887401; hr_one = 0.887401; ndcg_one = 0.578054
2021-12-16 09:45:34,555:INFO: model = topk_10_nmf_bpr_weightdecay_0_batch_1024_dim_64_pinterest_neg_50_adam_0.001_norm_False_emb_dropout0_dnn_False_one; epoch = 9; train_loss = 0.016354; test: logloss_one = 0.028959; recall_one = 0.848932; hr_one = 0.848932; ndcg_one = 0.533993
2021-12-16 09:45:35,542:INFO: model = topk_10_mfmbe_point_weightdecay_0_batch_1024_dim_64_pinterest_neg_50_adam_0.001_norm_False_emb_dropout0_dnn_False_one; epoch = 9; train_loss = 0.066672; test: logloss_one = 2.418622; recall_one = 0.789878; hr_one = 0.789878; ndcg_one = 0.473124
2021-12-16 09:45:37,918:INFO: model = topk_10_mfbe_bpr_weightdecay_0_batch_1024_dim_64_pinterest_neg_50_adam_0.001_norm_False_emb_dropout0_dnn_False_one; epoch = 9; train_loss = 0.083446; test: logloss_one = 0.023613; recall_one = 0.868212; hr_one = 0.868212; ndcg_one = 0.540538
2021-12-16 09:45:48,473:INFO: model = topk_10_mfbe_point_weightdecay_0_batch_1024_dim_64_pinterest_neg_50_adam_0.001_norm_False_emb_dropout0_dnn_False_one; epoch = 9; train_loss = 0.079142; test: logloss_one = 2.935087; recall_one = 0.644101; hr_one = 0.644101; ndcg_one = 0.376937
2021-12-16 09:45:56,902:INFO: model = topk_10_mfg_point_weightdecay_0_batch_1024_dim_64_pinterest_neg_50_adam_0.001_norm_False_emb_dropout0_dnn_False_one; epoch = 10; train_loss = 0.049246; test: logloss_one = 1.981977; recall_one = 0.864316; hr_one = 0.864316; ndcg_one = 0.534483
2021-12-16 09:46:12,033:INFO: model = topk_10_nmf_list_weightdecay_0_batch_1024_dim_64_pinterest_neg_50_adam_0.001_norm_False_emb_dropout0_dnn_False_one; epoch = 9; train_loss = 0.493259; test: logloss_one = 0.050601; recall_one = 0.832080; hr_one = 0.832080; ndcg_one = 0.522045
2021-12-16 09:46:16,482:INFO: model = topk_10_nmf_point_weightdecay_0_batch_1024_dim_64_pinterest_neg_50_adam_0.001_norm_False_emb_dropout0_dnn_False_one; epoch = 10; train_loss = 0.027884; test: logloss_one = 2.934191; recall_one = 0.832714; hr_one = 0.832714; ndcg_one = 0.526831
2021-12-16 09:46:28,764:INFO: model = topk_10_mfmbe_list_weightdecay_0_batch_1024_dim_64_pinterest_neg_50_adam_0.001_norm_False_emb_dropout0_dnn_False_one; epoch = 10; train_loss = 1.382203; test: logloss_one = 0.024948; recall_one = 0.879972; hr_one = 0.879972; ndcg_one = 0.562185
2021-12-16 09:46:32,511:INFO: model = topk_10_mfmbe_bpr_weightdecay_0_batch_1024_dim_64_pinterest_neg_50_adam_0.001_norm_False_emb_dropout0_dnn_False_one; epoch = 10; train_loss = 0.072118; test: logloss_one = 0.022750; recall_one = 0.875333; hr_one = 0.875333; ndcg_one = 0.548583
2021-12-16 09:46:39,176:INFO: model = topk_10_mf_list_weightdecay_0_batch_1024_dim_64_pinterest_neg_50_adam_0.001_norm_False_emb_dropout0_dnn_False_one; epoch = 10; train_loss = 1.056660; test: logloss_one = 0.028624; recall_one = 0.879519; hr_one = 0.879519; ndcg_one = 0.567640
2021-12-16 09:46:39,403:INFO: model = topk_10_mf_point_weightdecay_0_batch_1024_dim_64_pinterest_neg_50_adam_0.001_norm_False_emb_dropout0_dnn_False_one; epoch = 10; train_loss = 0.049298; test: logloss_one = 1.926879; recall_one = 0.863211; hr_one = 0.863211; ndcg_one = 0.532370
2021-12-16 09:46:53,456:INFO: model = topk_10_mfbesvd_bpr_weightdecay_0_batch_1024_dim_64_pinterest_neg_50_adam_0.001_norm_False_emb_dropout0_dnn_False_one; epoch = 9; train_loss = 0.061018; test: logloss_one = 0.811099; recall_one = 0.886114; hr_one = 0.886114; ndcg_one = 0.572209
2021-12-16 09:46:55,049:INFO: model = topk_10_mfbe_list_weightdecay_0_batch_1024_dim_64_pinterest_neg_50_adam_0.001_norm_False_emb_dropout0_dnn_False_one; epoch = 10; train_loss = 1.439972; test: logloss_one = 0.025062; recall_one = 0.876185; hr_one = 0.876185; ndcg_one = 0.553891
2021-12-16 09:46:57,560:INFO: model = topk_10_mf_bpr_weightdecay_0_batch_1024_dim_64_pinterest_neg_50_adam_0.001_norm_False_emb_dropout0_dnn_False_one; epoch = 10; train_loss = 0.047152; test: logloss_one = 0.026871; recall_one = 0.878196; hr_one = 0.878196; ndcg_one = 0.557772
2021-12-16 09:47:04,915:INFO: model = topk_10_mfbesvd_list_weightdecay_0_batch_1024_dim_64_pinterest_neg_50_adam_0.001_norm_False_emb_dropout0_dnn_False_one; epoch = 10; train_loss = 1.171541; test: logloss_one = 0.824544; recall_one = 0.886857; hr_one = 0.886857; ndcg_one = 0.578881
2021-12-16 09:47:06,262:INFO: model = topk_10_nmf_bpr_weightdecay_0_batch_1024_dim_64_pinterest_neg_50_adam_0.001_norm_False_emb_dropout0_dnn_False_one; epoch = 10; train_loss = 0.014049; test: logloss_one = 0.035660; recall_one = 0.843568; hr_one = 0.843568; ndcg_one = 0.530469
2021-12-16 09:47:12,672:INFO: model = topk_10_mfmbe_point_weightdecay_0_batch_1024_dim_64_pinterest_neg_50_adam_0.001_norm_False_emb_dropout0_dnn_False_one; epoch = 10; train_loss = 0.060402; test: logloss_one = 2.198773; recall_one = 0.824796; hr_one = 0.824796; ndcg_one = 0.498650
2021-12-16 09:47:17,639:INFO: model = topk_10_mfbe_bpr_weightdecay_0_batch_1024_dim_64_pinterest_neg_50_adam_0.001_norm_False_emb_dropout0_dnn_False_one; epoch = 10; train_loss = 0.076813; test: logloss_one = 0.022853; recall_one = 0.872289; hr_one = 0.872289; ndcg_one = 0.543963
2021-12-16 09:47:27,294:INFO: model = topk_10_mfbe_point_weightdecay_0_batch_1024_dim_64_pinterest_neg_50_adam_0.001_norm_False_emb_dropout0_dnn_False_one; epoch = 10; train_loss = 0.068445; test: logloss_one = 2.465170; recall_one = 0.769656; hr_one = 0.769656; ndcg_one = 0.459320
2021-12-16 09:47:28,504:INFO: model = topk_10_mfg_point_weightdecay_0_batch_1024_dim_64_pinterest_neg_50_adam_0.001_norm_False_emb_dropout0_dnn_False_one; epoch = 11; train_loss = 0.048455; test: logloss_one = 1.972171; recall_one = 0.865910; hr_one = 0.865910; ndcg_one = 0.537315
2021-12-16 09:47:48,074:INFO: model = topk_10_nmf_point_weightdecay_0_batch_1024_dim_64_pinterest_neg_50_adam_0.001_norm_False_emb_dropout0_dnn_False_one; epoch = 11; train_loss = 0.026493; test: logloss_one = 3.177320; recall_one = 0.827314; hr_one = 0.827314; ndcg_one = 0.521850
2021-12-16 09:47:49,061:INFO: model = topk_10_nmf_list_weightdecay_0_batch_1024_dim_64_pinterest_neg_50_adam_0.001_norm_False_emb_dropout0_dnn_False_one; epoch = 10; train_loss = 0.442460; test: logloss_one = 0.073467; recall_one = 0.823980; hr_one = 0.823980; ndcg_one = 0.516336
2021-12-16 09:48:02,698:INFO: model = topk_10_mfmbe_list_weightdecay_0_batch_1024_dim_64_pinterest_neg_50_adam_0.001_norm_False_emb_dropout0_dnn_False_one; epoch = 11; train_loss = 1.336102; test: logloss_one = 0.024482; recall_one = 0.881548; hr_one = 0.881548; ndcg_one = 0.564683
2021-12-16 09:48:04,645:INFO: model = topk_10_mfmbe_bpr_weightdecay_0_batch_1024_dim_64_pinterest_neg_50_adam_0.001_norm_False_emb_dropout0_dnn_False_one; epoch = 11; train_loss = 0.067859; test: logloss_one = 0.022398; recall_one = 0.875713; hr_one = 0.875713; ndcg_one = 0.549138
2021-12-16 09:48:12,933:INFO: model = topk_10_mf_list_weightdecay_0_batch_1024_dim_64_pinterest_neg_50_adam_0.001_norm_False_emb_dropout0_dnn_False_one; epoch = 11; train_loss = 1.004037; test: logloss_one = 0.028647; recall_one = 0.877852; hr_one = 0.877852; ndcg_one = 0.567006
2021-12-16 09:48:15,073:INFO: model = topk_10_mf_point_weightdecay_0_batch_1024_dim_64_pinterest_neg_50_adam_0.001_norm_False_emb_dropout0_dnn_False_one; epoch = 11; train_loss = 0.047977; test: logloss_one = 1.913583; recall_one = 0.866925; hr_one = 0.866925; ndcg_one = 0.537752
2021-12-16 09:48:30,517:INFO: model = topk_10_mfbe_list_weightdecay_0_batch_1024_dim_64_pinterest_neg_50_adam_0.001_norm_False_emb_dropout0_dnn_False_one; epoch = 11; train_loss = 1.389700; test: logloss_one = 0.024544; recall_one = 0.878051; hr_one = 0.878051; ndcg_one = 0.557326
2021-12-16 09:48:32,715:INFO: model = topk_10_mfbesvd_bpr_weightdecay_0_batch_1024_dim_64_pinterest_neg_50_adam_0.001_norm_False_emb_dropout0_dnn_False_one; epoch = 10; train_loss = 0.055476; test: logloss_one = 0.766752; recall_one = 0.886821; hr_one = 0.886821; ndcg_one = 0.573895
2021-12-16 09:48:35,206:INFO: model = topk_10_mf_bpr_weightdecay_0_batch_1024_dim_64_pinterest_neg_50_adam_0.001_norm_False_emb_dropout0_dnn_False_one; epoch = 11; train_loss = 0.043942; test: logloss_one = 0.026924; recall_one = 0.877888; hr_one = 0.877888; ndcg_one = 0.558817
2021-12-16 09:48:37,765:INFO: model = topk_10_nmf_bpr_weightdecay_0_batch_1024_dim_64_pinterest_neg_50_adam_0.001_norm_False_emb_dropout0_dnn_False_one; epoch = 11; train_loss = 0.012356; test: logloss_one = 0.043213; recall_one = 0.837498; hr_one = 0.837498; ndcg_one = 0.526664
2021-12-16 09:48:41,087:INFO: model = topk_10_mfbesvd_list_weightdecay_0_batch_1024_dim_64_pinterest_neg_50_adam_0.001_norm_False_emb_dropout0_dnn_False_one; epoch = 11; train_loss = 1.113458; test: logloss_one = 0.800158; recall_one = 0.886386; hr_one = 0.886386; ndcg_one = 0.579499
2021-12-16 09:48:50,423:INFO: model = topk_10_mfmbe_point_weightdecay_0_batch_1024_dim_64_pinterest_neg_50_adam_0.001_norm_False_emb_dropout0_dnn_False_one; epoch = 11; train_loss = 0.056317; test: logloss_one = 2.083050; recall_one = 0.842463; hr_one = 0.842463; ndcg_one = 0.513405
2021-12-16 09:48:56,214:INFO: model = topk_10_mfbe_bpr_weightdecay_0_batch_1024_dim_64_pinterest_neg_50_adam_0.001_norm_False_emb_dropout0_dnn_False_one; epoch = 11; train_loss = 0.071238; test: logloss_one = 0.022437; recall_one = 0.873920; hr_one = 0.873920; ndcg_one = 0.546457
2021-12-16 09:48:58,820:INFO: model = topk_10_mfg_point_weightdecay_0_batch_1024_dim_64_pinterest_neg_50_adam_0.001_norm_False_emb_dropout0_dnn_False_one; epoch = 12; train_loss = 0.047765; test: logloss_one = 1.969598; recall_one = 0.867904; hr_one = 0.867904; ndcg_one = 0.539533
2021-12-16 09:49:06,629:INFO: model = topk_10_mfbe_point_weightdecay_0_batch_1024_dim_64_pinterest_neg_50_adam_0.001_norm_False_emb_dropout0_dnn_False_one; epoch = 11; train_loss = 0.060363; test: logloss_one = 2.186021; recall_one = 0.818689; hr_one = 0.818689; ndcg_one = 0.493431
2021-12-16 09:49:21,730:INFO: model = topk_10_nmf_point_weightdecay_0_batch_1024_dim_64_pinterest_neg_50_adam_0.001_norm_False_emb_dropout0_dnn_False_one; epoch = 12; train_loss = 0.025122; test: logloss_one = 3.313621; recall_one = 0.822766; hr_one = 0.822766; ndcg_one = 0.518260
2021-12-16 09:49:25,362:INFO: model = topk_10_nmf_list_weightdecay_0_batch_1024_dim_64_pinterest_neg_50_adam_0.001_norm_False_emb_dropout0_dnn_False_one; epoch = 11; train_loss = 0.403390; test: logloss_one = 0.103976; recall_one = 0.818037; hr_one = 0.818037; ndcg_one = 0.511458
2021-12-16 09:49:36,379:INFO: model = topk_10_mfmbe_list_weightdecay_0_batch_1024_dim_64_pinterest_neg_50_adam_0.001_norm_False_emb_dropout0_dnn_False_one; epoch = 12; train_loss = 1.291240; test: logloss_one = 0.024163; recall_one = 0.881693; hr_one = 0.881693; ndcg_one = 0.567051
2021-12-16 09:49:37,309:INFO: model = topk_10_mfmbe_bpr_weightdecay_0_batch_1024_dim_64_pinterest_neg_50_adam_0.001_norm_False_emb_dropout0_dnn_False_one; epoch = 12; train_loss = 0.064074; test: logloss_one = 0.022249; recall_one = 0.877906; hr_one = 0.877906; ndcg_one = 0.551983
2021-12-16 09:49:46,959:INFO: model = topk_10_mf_list_weightdecay_0_batch_1024_dim_64_pinterest_neg_50_adam_0.001_norm_False_emb_dropout0_dnn_False_one; epoch = 12; train_loss = 0.952126; test: logloss_one = 0.028824; recall_one = 0.877797; hr_one = 0.877797; ndcg_one = 0.566786
2021-12-16 09:49:49,295:INFO: model = topk_10_mf_point_weightdecay_0_batch_1024_dim_64_pinterest_neg_50_adam_0.001_norm_False_emb_dropout0_dnn_False_one; epoch = 12; train_loss = 0.046916; test: logloss_one = 1.910661; recall_one = 0.870712; hr_one = 0.870712; ndcg_one = 0.541667
2021-12-16 09:50:05,387:INFO: model = topk_10_mfbe_list_weightdecay_0_batch_1024_dim_64_pinterest_neg_50_adam_0.001_norm_False_emb_dropout0_dnn_False_one; epoch = 12; train_loss = 1.342574; test: logloss_one = 0.024088; recall_one = 0.879048; hr_one = 0.879048; ndcg_one = 0.560836
2021-12-16 09:50:09,621:INFO: model = topk_10_nmf_bpr_weightdecay_0_batch_1024_dim_64_pinterest_neg_50_adam_0.001_norm_False_emb_dropout0_dnn_False_one; epoch = 12; train_loss = 0.011002; test: logloss_one = 0.058577; recall_one = 0.831772; hr_one = 0.831772; ndcg_one = 0.521353
2021-12-16 09:50:11,760:INFO: model = topk_10_mf_bpr_weightdecay_0_batch_1024_dim_64_pinterest_neg_50_adam_0.001_norm_False_emb_dropout0_dnn_False_one; epoch = 12; train_loss = 0.040833; test: logloss_one = 0.027108; recall_one = 0.877634; hr_one = 0.877634; ndcg_one = 0.559703
2021-12-16 09:50:12,783:INFO: model = topk_10_mfbesvd_bpr_weightdecay_0_batch_1024_dim_64_pinterest_neg_50_adam_0.001_norm_False_emb_dropout0_dnn_False_one; epoch = 11; train_loss = 0.050671; test: logloss_one = 0.735091; recall_one = 0.887002; hr_one = 0.887002; ndcg_one = 0.574808
2021-12-16 09:50:18,894:INFO: model = topk_10_mfbesvd_list_weightdecay_0_batch_1024_dim_64_pinterest_neg_50_adam_0.001_norm_False_emb_dropout0_dnn_False_one; epoch = 12; train_loss = 1.056427; test: logloss_one = 0.780076; recall_one = 0.885752; hr_one = 0.885752; ndcg_one = 0.579616
2021-12-16 09:50:27,230:INFO: model = topk_10_mfmbe_point_weightdecay_0_batch_1024_dim_64_pinterest_neg_50_adam_0.001_norm_False_emb_dropout0_dnn_False_one; epoch = 12; train_loss = 0.053412; test: logloss_one = 2.012041; recall_one = 0.855002; hr_one = 0.855002; ndcg_one = 0.523346
2021-12-16 09:50:30,308:INFO: model = topk_10_mfg_point_weightdecay_0_batch_1024_dim_64_pinterest_neg_50_adam_0.001_norm_False_emb_dropout0_dnn_False_one; epoch = 13; train_loss = 0.047118; test: logloss_one = 1.962032; recall_one = 0.869136; hr_one = 0.869136; ndcg_one = 0.541912
2021-12-16 09:50:34,910:INFO: model = topk_10_mfbe_bpr_weightdecay_0_batch_1024_dim_64_pinterest_neg_50_adam_0.001_norm_False_emb_dropout0_dnn_False_one; epoch = 12; train_loss = 0.066564; test: logloss_one = 0.022170; recall_one = 0.874427; hr_one = 0.874427; ndcg_one = 0.548760
2021-12-16 09:50:45,494:INFO: model = topk_10_mfbe_point_weightdecay_0_batch_1024_dim_64_pinterest_neg_50_adam_0.001_norm_False_emb_dropout0_dnn_False_one; epoch = 12; train_loss = 0.055564; test: logloss_one = 2.043839; recall_one = 0.839437; hr_one = 0.839437; ndcg_one = 0.510668
2021-12-16 09:50:58,260:INFO: model = topk_10_nmf_point_weightdecay_0_batch_1024_dim_64_pinterest_neg_50_adam_0.001_norm_False_emb_dropout0_dnn_False_one; epoch = 13; train_loss = 0.023857; test: logloss_one = 3.517541; recall_one = 0.816714; hr_one = 0.816714; ndcg_one = 0.512989
2021-12-16 09:51:02,020:INFO: model = topk_10_nmf_list_weightdecay_0_batch_1024_dim_64_pinterest_neg_50_adam_0.001_norm_False_emb_dropout0_dnn_False_one; epoch = 12; train_loss = 0.369347; test: logloss_one = 0.141025; recall_one = 0.813869; hr_one = 0.813869; ndcg_one = 0.508061
2021-12-16 09:51:08,564:INFO: model = topk_10_mfmbe_list_weightdecay_0_batch_1024_dim_64_pinterest_neg_50_adam_0.001_norm_False_emb_dropout0_dnn_False_one; epoch = 13; train_loss = 1.245912; test: logloss_one = 0.023938; recall_one = 0.882164; hr_one = 0.882164; ndcg_one = 0.568469
2021-12-16 09:51:10,315:INFO: model = topk_10_mfmbe_bpr_weightdecay_0_batch_1024_dim_64_pinterest_neg_50_adam_0.001_norm_False_emb_dropout0_dnn_False_one; epoch = 13; train_loss = 0.060549; test: logloss_one = 0.022186; recall_one = 0.878758; hr_one = 0.878758; ndcg_one = 0.554045
2021-12-16 09:51:22,530:INFO: model = topk_10_mf_list_weightdecay_0_batch_1024_dim_64_pinterest_neg_50_adam_0.001_norm_False_emb_dropout0_dnn_False_one; epoch = 13; train_loss = 0.901983; test: logloss_one = 0.029126; recall_one = 0.875532; hr_one = 0.875532; ndcg_one = 0.565410
2021-12-16 09:51:24,767:INFO: model = topk_10_mf_point_weightdecay_0_batch_1024_dim_64_pinterest_neg_50_adam_0.001_norm_False_emb_dropout0_dnn_False_one; epoch = 13; train_loss = 0.045960; test: logloss_one = 1.908209; recall_one = 0.873666; hr_one = 0.873666; ndcg_one = 0.545389
2021-12-16 09:51:41,028:INFO: model = topk_10_nmf_bpr_weightdecay_0_batch_1024_dim_64_pinterest_neg_50_adam_0.001_norm_False_emb_dropout0_dnn_False_one; epoch = 13; train_loss = 0.009934; test: logloss_one = 0.066586; recall_one = 0.826100; hr_one = 0.826100; ndcg_one = 0.516171
2021-12-16 09:51:41,465:INFO: model = topk_10_mfbe_list_weightdecay_0_batch_1024_dim_64_pinterest_neg_50_adam_0.001_norm_False_emb_dropout0_dnn_False_one; epoch = 13; train_loss = 1.298060; test: logloss_one = 0.023766; recall_one = 0.879881; hr_one = 0.879881; ndcg_one = 0.563209
2021-12-16 09:51:49,105:INFO: model = topk_10_mf_bpr_weightdecay_0_batch_1024_dim_64_pinterest_neg_50_adam_0.001_norm_False_emb_dropout0_dnn_False_one; epoch = 13; train_loss = 0.037865; test: logloss_one = 0.027480; recall_one = 0.876293; hr_one = 0.876293; ndcg_one = 0.559719
2021-12-16 09:51:51,786:INFO: model = topk_10_mfbesvd_bpr_weightdecay_0_batch_1024_dim_64_pinterest_neg_50_adam_0.001_norm_False_emb_dropout0_dnn_False_one; epoch = 12; train_loss = 0.046297; test: logloss_one = 0.711172; recall_one = 0.887165; hr_one = 0.887165; ndcg_one = 0.576810
2021-12-16 09:51:56,122:INFO: model = topk_10_mfbesvd_list_weightdecay_0_batch_1024_dim_64_pinterest_neg_50_adam_0.001_norm_False_emb_dropout0_dnn_False_one; epoch = 13; train_loss = 1.004141; test: logloss_one = 0.765248; recall_one = 0.883759; hr_one = 0.883759; ndcg_one = 0.578290
2021-12-16 09:52:04,875:INFO: model = topk_10_mfg_point_weightdecay_0_batch_1024_dim_64_pinterest_neg_50_adam_0.001_norm_False_emb_dropout0_dnn_False_one; epoch = 14; train_loss = 0.046027; test: logloss_one = 1.941287; recall_one = 0.873575; hr_one = 0.873575; ndcg_one = 0.546562
2021-12-16 09:52:06,319:INFO: model = topk_10_mfmbe_point_weightdecay_0_batch_1024_dim_64_pinterest_neg_50_adam_0.001_norm_False_emb_dropout0_dnn_False_one; epoch = 13; train_loss = 0.051223; test: logloss_one = 1.971529; recall_one = 0.861852; hr_one = 0.861852; ndcg_one = 0.529690
2021-12-16 09:52:14,749:INFO: model = topk_10_mfbe_bpr_weightdecay_0_batch_1024_dim_64_pinterest_neg_50_adam_0.001_norm_False_emb_dropout0_dnn_False_one; epoch = 13; train_loss = 0.062558; test: logloss_one = 0.021964; recall_one = 0.876130; hr_one = 0.876130; ndcg_one = 0.551050
2021-12-16 09:52:24,783:INFO: model = topk_10_mfbe_point_weightdecay_0_batch_1024_dim_64_pinterest_neg_50_adam_0.001_norm_False_emb_dropout0_dnn_False_one; epoch = 13; train_loss = 0.052417; test: logloss_one = 1.969569; recall_one = 0.853099; hr_one = 0.853099; ndcg_one = 0.522238
2021-12-16 09:52:37,019:INFO: model = topk_10_nmf_point_weightdecay_0_batch_1024_dim_64_pinterest_neg_50_adam_0.001_norm_False_emb_dropout0_dnn_False_one; epoch = 14; train_loss = 0.021886; test: logloss_one = 3.710930; recall_one = 0.811586; hr_one = 0.811586; ndcg_one = 0.509335
2021-12-16 09:52:38,090:INFO: model = topk_10_nmf_list_weightdecay_0_batch_1024_dim_64_pinterest_neg_50_adam_0.001_norm_False_emb_dropout0_dnn_False_one; epoch = 13; train_loss = 0.339991; test: logloss_one = 0.179934; recall_one = 0.806150; hr_one = 0.806150; ndcg_one = 0.502918
2021-12-16 09:52:42,769:INFO: model = topk_10_mfmbe_list_weightdecay_0_batch_1024_dim_64_pinterest_neg_50_adam_0.001_norm_False_emb_dropout0_dnn_False_one; epoch = 14; train_loss = 1.198947; test: logloss_one = 0.023831; recall_one = 0.882454; hr_one = 0.882454; ndcg_one = 0.570107
2021-12-16 09:52:43,881:INFO: model = topk_10_mfmbe_bpr_weightdecay_0_batch_1024_dim_64_pinterest_neg_50_adam_0.001_norm_False_emb_dropout0_dnn_False_one; epoch = 14; train_loss = 0.057109; test: logloss_one = 0.022171; recall_one = 0.878305; hr_one = 0.878305; ndcg_one = 0.555596
2021-12-16 09:52:55,820:INFO: model = topk_10_mf_list_weightdecay_0_batch_1024_dim_64_pinterest_neg_50_adam_0.001_norm_False_emb_dropout0_dnn_False_one; epoch = 14; train_loss = 0.851798; test: logloss_one = 0.029428; recall_one = 0.874481; hr_one = 0.874481; ndcg_one = 0.564272
2021-12-16 09:53:00,161:INFO: model = topk_10_mf_point_weightdecay_0_batch_1024_dim_64_pinterest_neg_50_adam_0.001_norm_False_emb_dropout0_dnn_False_one; epoch = 14; train_loss = 0.044921; test: logloss_one = 1.903522; recall_one = 0.874518; hr_one = 0.874518; ndcg_one = 0.548599
2021-12-16 09:53:12,939:INFO: model = topk_10_nmf_bpr_weightdecay_0_batch_1024_dim_64_pinterest_neg_50_adam_0.001_norm_False_emb_dropout0_dnn_False_one; epoch = 14; train_loss = 0.008508; test: logloss_one = 0.081580; recall_one = 0.823672; hr_one = 0.823672; ndcg_one = 0.515085
2021-12-16 09:53:16,215:INFO: model = topk_10_mfbe_list_weightdecay_0_batch_1024_dim_64_pinterest_neg_50_adam_0.001_norm_False_emb_dropout0_dnn_False_one; epoch = 14; train_loss = 1.251367; test: logloss_one = 0.023594; recall_one = 0.880606; hr_one = 0.880606; ndcg_one = 0.565979
2021-12-16 09:53:26,439:INFO: model = topk_10_mf_bpr_weightdecay_0_batch_1024_dim_64_pinterest_neg_50_adam_0.001_norm_False_emb_dropout0_dnn_False_one; epoch = 14; train_loss = 0.034928; test: logloss_one = 0.027791; recall_one = 0.876058; hr_one = 0.876058; ndcg_one = 0.560090
2021-12-16 09:53:27,826:INFO: model = topk_10_mfbesvd_point_weightdecay_0_batch_1024_dim_64_pinterest_neg_50_adam_0.001_norm_False_emb_dropout0_dnn_False_one; epoch = 0; train_loss = -1.000000; test: logloss_one = 4.302158; recall_one = 0.816261; hr_one = 0.816261; ndcg_one = 0.529664
2021-12-16 09:53:30,788:INFO: model = topk_10_mfbesvd_bpr_weightdecay_0_batch_1024_dim_64_pinterest_neg_50_adam_0.001_norm_False_emb_dropout0_dnn_False_one; epoch = 13; train_loss = 0.042337; test: logloss_one = 0.693726; recall_one = 0.887111; hr_one = 0.887111; ndcg_one = 0.576838
2021-12-16 09:53:33,075:INFO: model = topk_10_mfbesvd_list_weightdecay_0_batch_1024_dim_64_pinterest_neg_50_adam_0.001_norm_False_emb_dropout0_dnn_False_one; epoch = 14; train_loss = 0.954503; test: logloss_one = 0.753288; recall_one = 0.881983; hr_one = 0.881983; ndcg_one = 0.576930
2021-12-16 09:53:38,653:INFO: model = topk_10_mfg_point_weightdecay_0_batch_1024_dim_64_pinterest_neg_50_adam_0.001_norm_False_emb_dropout0_dnn_False_one; epoch = 15; train_loss = 0.045591; test: logloss_one = 1.942102; recall_one = 0.873032; hr_one = 0.873032; ndcg_one = 0.547041
2021-12-16 09:53:44,121:INFO: model = topk_10_mfmbe_point_weightdecay_0_batch_1024_dim_64_pinterest_neg_50_adam_0.001_norm_False_emb_dropout0_dnn_False_one; epoch = 14; train_loss = 0.049561; test: logloss_one = 1.949683; recall_one = 0.864968; hr_one = 0.864968; ndcg_one = 0.534666
2021-12-16 09:53:47,365:INFO: model = topk_10_mfsvd_point_weightdecay_0_batch_1024_dim_64_pinterest_neg_50_adam_0.001_norm_False_emb_dropout0_dnn_False_one; epoch = 0; train_loss = -1.000000; test: logloss_one = 1.111657; recall_one = 0.818997; hr_one = 0.818997; ndcg_one = 0.531120
2021-12-16 09:53:53,659:INFO: model = topk_10_mfbe_bpr_weightdecay_0_batch_1024_dim_64_pinterest_neg_50_adam_0.001_norm_False_emb_dropout0_dnn_False_one; epoch = 14; train_loss = 0.058757; test: logloss_one = 0.021901; recall_one = 0.877979; hr_one = 0.877979; ndcg_one = 0.553973
2021-12-16 09:54:04,067:INFO: model = topk_10_mfbe_point_weightdecay_0_batch_1024_dim_64_pinterest_neg_50_adam_0.001_norm_False_emb_dropout0_dnn_False_one; epoch = 14; train_loss = 0.050216; test: logloss_one = 1.934678; recall_one = 0.861127; hr_one = 0.861127; ndcg_one = 0.530228
2021-12-16 09:54:13,162:INFO: model = topk_10_nmf_list_weightdecay_0_batch_1024_dim_64_pinterest_neg_50_adam_0.001_norm_False_emb_dropout0_dnn_False_one; epoch = 14; train_loss = 0.298520; test: logloss_one = 0.232404; recall_one = 0.804592; hr_one = 0.804592; ndcg_one = 0.500416
2021-12-16 09:54:17,286:INFO: model = topk_10_mfmbe_list_weightdecay_0_batch_1024_dim_64_pinterest_neg_50_adam_0.001_norm_False_emb_dropout0_dnn_False_one; epoch = 15; train_loss = 1.162968; test: logloss_one = 0.023793; recall_one = 0.881911; hr_one = 0.881911; ndcg_one = 0.570719
2021-12-16 09:54:18,834:INFO: model = topk_10_mfmbe_bpr_weightdecay_0_batch_1024_dim_64_pinterest_neg_50_adam_0.001_norm_False_emb_dropout0_dnn_False_one; epoch = 15; train_loss = 0.054651; test: logloss_one = 0.022236; recall_one = 0.879718; hr_one = 0.879718; ndcg_one = 0.556869
2021-12-16 09:54:31,134:INFO: model = topk_10_mf_list_weightdecay_0_batch_1024_dim_64_pinterest_neg_50_adam_0.001_norm_False_emb_dropout0_dnn_False_one; epoch = 15; train_loss = 0.817061; test: logloss_one = 0.029811; recall_one = 0.873322; hr_one = 0.873322; ndcg_one = 0.563085
2021-12-16 09:54:37,392:INFO: model = topk_10_mf_point_weightdecay_0_batch_1024_dim_64_pinterest_neg_50_adam_0.001_norm_False_emb_dropout0_dnn_False_one; epoch = 15; train_loss = 0.044255; test: logloss_one = 1.907092; recall_one = 0.875279; hr_one = 0.875279; ndcg_one = 0.551239
2021-12-16 09:54:51,653:INFO: model = topk_10_mfbe_list_weightdecay_0_batch_1024_dim_64_pinterest_neg_50_adam_0.001_norm_False_emb_dropout0_dnn_False_one; epoch = 15; train_loss = 1.217698; test: logloss_one = 0.023501; recall_one = 0.880624; hr_one = 0.880624; ndcg_one = 0.566679
2021-12-16 09:55:03,291:INFO: model = topk_10_mf_bpr_weightdecay_0_batch_1024_dim_64_pinterest_neg_50_adam_0.001_norm_False_emb_dropout0_dnn_False_one; epoch = 15; train_loss = 0.032926; test: logloss_one = 0.028169; recall_one = 0.875405; hr_one = 0.875405; ndcg_one = 0.559293
2021-12-16 09:55:05,251:INFO: model = topk_10_mfbesvd_point_weightdecay_0_batch_1024_dim_64_pinterest_neg_50_adam_0.001_norm_False_emb_dropout0_dnn_False_one; epoch = 1; train_loss = 0.713017; test: logloss_one = 5.789390; recall_one = 0.369326; hr_one = 0.369326; ndcg_one = 0.201226
2021-12-16 09:55:06,872:INFO: model = topk_10_mfg_list_weightdecay_0_batch_1024_dim_64_pinterest_neg_50_adam_0.001_norm_False_emb_dropout0_dnn_False_one; epoch = 0; train_loss = -1.000000; test: logloss_one = 0.013300; recall_one = 0.150688; hr_one = 0.150688; ndcg_one = 0.075109
2021-12-16 09:55:09,189:INFO: model = topk_10_mfbesvd_bpr_weightdecay_0_batch_1024_dim_64_pinterest_neg_50_adam_0.001_norm_False_emb_dropout0_dnn_False_one; epoch = 14; train_loss = 0.038775; test: logloss_one = 0.680858; recall_one = 0.886187; hr_one = 0.886187; ndcg_one = 0.576890
2021-12-16 09:55:10,112:INFO: model = topk_10_mfbesvd_list_weightdecay_0_batch_1024_dim_64_pinterest_neg_50_adam_0.001_norm_False_emb_dropout0_dnn_False_one; epoch = 15; train_loss = 0.906087; test: logloss_one = 0.745357; recall_one = 0.880552; hr_one = 0.880552; ndcg_one = 0.575889
2021-12-16 09:55:13,573:INFO: model = topk_10_mfg_point_weightdecay_0_batch_1024_dim_64_pinterest_neg_50_adam_0.001_norm_False_emb_dropout0_dnn_False_one; epoch = 16; train_loss = 0.045157; test: logloss_one = 1.940169; recall_one = 0.874481; hr_one = 0.874481; ndcg_one = 0.548407
2021-12-16 09:55:18,315:INFO: model = topk_10_mfsvd_point_weightdecay_0_batch_1024_dim_64_pinterest_neg_50_adam_0.001_norm_False_emb_dropout0_dnn_False_one; epoch = 1; train_loss = 0.161306; test: logloss_one = 3.019066; recall_one = 0.571838; hr_one = 0.571838; ndcg_one = 0.367485
2021-12-16 09:55:22,556:INFO: model = topk_10_mfmbe_point_weightdecay_0_batch_1024_dim_64_pinterest_neg_50_adam_0.001_norm_False_emb_dropout0_dnn_False_one; epoch = 15; train_loss = 0.048467; test: logloss_one = 1.934951; recall_one = 0.868266; hr_one = 0.868266; ndcg_one = 0.538265
2021-12-16 09:55:32,729:INFO: model = topk_10_mfbe_bpr_weightdecay_0_batch_1024_dim_64_pinterest_neg_50_adam_0.001_norm_False_emb_dropout0_dnn_False_one; epoch = 15; train_loss = 0.056191; test: logloss_one = 0.021946; recall_one = 0.877997; hr_one = 0.877997; ndcg_one = 0.554731
2021-12-16 09:55:43,520:INFO: model = topk_10_mfbe_point_weightdecay_0_batch_1024_dim_64_pinterest_neg_50_adam_0.001_norm_False_emb_dropout0_dnn_False_one; epoch = 15; train_loss = 0.048867; test: logloss_one = 1.917154; recall_one = 0.865294; hr_one = 0.865294; ndcg_one = 0.533806
2021-12-16 09:55:50,915:INFO: model = topk_10_mfmbe_bpr_weightdecay_0_batch_1024_dim_64_pinterest_neg_50_adam_0.001_norm_False_emb_dropout0_dnn_False_one; epoch = 16; train_loss = 0.052298; test: logloss_one = 0.022314; recall_one = 0.879700; hr_one = 0.879700; ndcg_one = 0.558546
2021-12-16 09:55:51,160:INFO: model = topk_10_mfmbe_list_weightdecay_0_batch_1024_dim_64_pinterest_neg_50_adam_0.001_norm_False_emb_dropout0_dnn_False_one; epoch = 16; train_loss = 1.127803; test: logloss_one = 0.023815; recall_one = 0.881331; hr_one = 0.881331; ndcg_one = 0.571133
2021-12-16 09:56:05,738:INFO: model = topk_10_mf_list_weightdecay_0_batch_1024_dim_64_pinterest_neg_50_adam_0.001_norm_False_emb_dropout0_dnn_False_one; epoch = 16; train_loss = 0.783417; test: logloss_one = 0.030247; recall_one = 0.871890; hr_one = 0.871890; ndcg_one = 0.561646
2021-12-16 09:56:13,996:INFO: model = topk_10_mf_point_weightdecay_0_batch_1024_dim_64_pinterest_neg_50_adam_0.001_norm_False_emb_dropout0_dnn_False_one; epoch = 16; train_loss = 0.043563; test: logloss_one = 1.907795; recall_one = 0.876456; hr_one = 0.876456; ndcg_one = 0.553570
2021-12-16 09:56:26,867:INFO: model = topk_10_mfbe_list_weightdecay_0_batch_1024_dim_64_pinterest_neg_50_adam_0.001_norm_False_emb_dropout0_dnn_False_one; epoch = 16; train_loss = 1.183979; test: logloss_one = 0.023479; recall_one = 0.881240; hr_one = 0.881240; ndcg_one = 0.567650
2021-12-16 09:56:41,483:INFO: model = topk_10_mf_bpr_weightdecay_0_batch_1024_dim_64_pinterest_neg_50_adam_0.001_norm_False_emb_dropout0_dnn_False_one; epoch = 16; train_loss = 0.031006; test: logloss_one = 0.028594; recall_one = 0.874590; hr_one = 0.874590; ndcg_one = 0.559522
2021-12-16 09:56:42,374:INFO: model = topk_10_mfbesvd_point_weightdecay_0_batch_1024_dim_64_pinterest_neg_50_adam_0.001_norm_False_emb_dropout0_dnn_False_one; epoch = 2; train_loss = 0.172142; test: logloss_one = 5.597231; recall_one = 0.331419; hr_one = 0.331419; ndcg_one = 0.177143
2021-12-16 09:56:45,469:INFO: model = topk_10_mfg_list_weightdecay_0_batch_1024_dim_64_pinterest_neg_50_adam_0.001_norm_False_emb_dropout0_dnn_False_one; epoch = 1; train_loss = 3.692699; test: logloss_one = 1.227570; recall_one = 0.299781; hr_one = 0.299781; ndcg_one = 0.158922
2021-12-16 09:56:46,230:INFO: model = topk_10_mfbesvd_list_weightdecay_0_batch_1024_dim_64_pinterest_neg_50_adam_0.001_norm_False_emb_dropout0_dnn_False_one; epoch = 16; train_loss = 0.872665; test: logloss_one = 0.739440; recall_one = 0.879627; hr_one = 0.879627; ndcg_one = 0.574948
2021-12-16 09:56:48,145:INFO: model = topk_10_mfbesvd_bpr_weightdecay_0_batch_1024_dim_64_pinterest_neg_50_adam_0.001_norm_False_emb_dropout0_dnn_False_one; epoch = 15; train_loss = 0.035480; test: logloss_one = 0.673025; recall_one = 0.885661; hr_one = 0.885661; ndcg_one = 0.576797
2021-12-16 09:56:48,177:INFO: model = topk_10_mfg_point_weightdecay_0_batch_1024_dim_64_pinterest_neg_50_adam_0.001_norm_False_emb_dropout0_dnn_False_one; epoch = 17; train_loss = 0.044742; test: logloss_one = 1.944080; recall_one = 0.875152; hr_one = 0.875152; ndcg_one = 0.549949
2021-12-16 09:56:49,502:INFO: model = topk_10_mfsvd_point_weightdecay_0_batch_1024_dim_64_pinterest_neg_50_adam_0.001_norm_False_emb_dropout0_dnn_False_one; epoch = 2; train_loss = 0.066491; test: logloss_one = 2.483901; recall_one = 0.792614; hr_one = 0.792614; ndcg_one = 0.511460
2021-12-16 09:57:00,816:INFO: model = topk_10_mfmbe_point_weightdecay_0_batch_1024_dim_64_pinterest_neg_50_adam_0.001_norm_False_emb_dropout0_dnn_False_one; epoch = 16; train_loss = 0.047525; test: logloss_one = 1.924995; recall_one = 0.871365; hr_one = 0.871365; ndcg_one = 0.541455
2021-12-16 09:57:12,256:INFO: model = topk_10_mfbe_bpr_weightdecay_0_batch_1024_dim_64_pinterest_neg_50_adam_0.001_norm_False_emb_dropout0_dnn_False_one; epoch = 16; train_loss = 0.053700; test: logloss_one = 0.021992; recall_one = 0.878667; hr_one = 0.878667; ndcg_one = 0.556059
2021-12-16 09:57:23,493:INFO: model = topk_10_mfbe_point_weightdecay_0_batch_1024_dim_64_pinterest_neg_50_adam_0.001_norm_False_emb_dropout0_dnn_False_one; epoch = 16; train_loss = 0.047784; test: logloss_one = 1.906796; recall_one = 0.868175; hr_one = 0.868175; ndcg_one = 0.537097
2021-12-16 09:57:23,785:INFO: model = topk_10_mfmbe_bpr_weightdecay_0_batch_1024_dim_64_pinterest_neg_50_adam_0.001_norm_False_emb_dropout0_dnn_False_one; epoch = 17; train_loss = 0.049946; test: logloss_one = 0.022455; recall_one = 0.879573; hr_one = 0.879573; ndcg_one = 0.558920
2021-12-16 09:57:24,070:INFO: model = topk_10_mfmbe_list_weightdecay_0_batch_1024_dim_64_pinterest_neg_50_adam_0.001_norm_False_emb_dropout0_dnn_False_one; epoch = 17; train_loss = 1.091420; test: logloss_one = 0.023857; recall_one = 0.880914; hr_one = 0.880914; ndcg_one = 0.571322
2021-12-16 09:57:40,815:INFO: model = topk_10_mf_list_weightdecay_0_batch_1024_dim_64_pinterest_neg_50_adam_0.001_norm_False_emb_dropout0_dnn_False_one; epoch = 17; train_loss = 0.752418; test: logloss_one = 0.030756; recall_one = 0.869625; hr_one = 0.869625; ndcg_one = 0.559588
2021-12-16 09:57:51,478:INFO: model = topk_10_mf_point_weightdecay_0_batch_1024_dim_64_pinterest_neg_50_adam_0.001_norm_False_emb_dropout0_dnn_False_one; epoch = 17; train_loss = 0.042923; test: logloss_one = 1.914652; recall_one = 0.876964; hr_one = 0.876964; ndcg_one = 0.555378
2021-12-16 09:58:02,371:INFO: model = topk_10_mfbe_list_weightdecay_0_batch_1024_dim_64_pinterest_neg_50_adam_0.001_norm_False_emb_dropout0_dnn_False_one; epoch = 17; train_loss = 1.151244; test: logloss_one = 0.023447; recall_one = 0.881566; hr_one = 0.881566; ndcg_one = 0.569099
2021-12-16 09:58:18,334:INFO: model = topk_10_mf_bpr_weightdecay_0_batch_1024_dim_64_pinterest_neg_50_adam_0.001_norm_False_emb_dropout0_dnn_False_one; epoch = 17; train_loss = 0.029227; test: logloss_one = 0.029138; recall_one = 0.873358; hr_one = 0.873358; ndcg_one = 0.558430
2021-12-16 09:58:19,650:INFO: model = topk_10_mfbesvd_point_weightdecay_0_batch_1024_dim_64_pinterest_neg_50_adam_0.001_norm_False_emb_dropout0_dnn_False_one; epoch = 3; train_loss = 0.127072; test: logloss_one = 4.718916; recall_one = 0.412633; hr_one = 0.412633; ndcg_one = 0.232677
2021-12-16 09:58:20,680:INFO: model = topk_10_mfsvd_point_weightdecay_0_batch_1024_dim_64_pinterest_neg_50_adam_0.001_norm_False_emb_dropout0_dnn_False_one; epoch = 3; train_loss = 0.053150; test: logloss_one = 2.136812; recall_one = 0.859351; hr_one = 0.859351; ndcg_one = 0.550665
2021-12-16 09:58:22,139:INFO: model = topk_10_mfbesvd_list_weightdecay_0_batch_1024_dim_64_pinterest_neg_50_adam_0.001_norm_False_emb_dropout0_dnn_False_one; epoch = 17; train_loss = 0.842205; test: logloss_one = 0.733810; recall_one = 0.878123; hr_one = 0.878123; ndcg_one = 0.573372
2021-12-16 09:58:22,786:INFO: model = topk_10_mfg_point_weightdecay_0_batch_1024_dim_64_pinterest_neg_50_adam_0.001_norm_False_emb_dropout0_dnn_False_one; epoch = 18; train_loss = 0.044345; test: logloss_one = 1.943265; recall_one = 0.875949; hr_one = 0.875949; ndcg_one = 0.551108
2021-12-16 09:58:24,067:INFO: model = topk_10_mfg_list_weightdecay_0_batch_1024_dim_64_pinterest_neg_50_adam_0.001_norm_False_emb_dropout0_dnn_False_one; epoch = 2; train_loss = 3.145181; test: logloss_one = 0.990950; recall_one = 0.636454; hr_one = 0.636454; ndcg_one = 0.378053
2021-12-16 09:58:27,282:INFO: model = topk_10_mfbesvd_bpr_weightdecay_0_batch_1024_dim_64_pinterest_neg_50_adam_0.001_norm_False_emb_dropout0_dnn_False_one; epoch = 16; train_loss = 0.033198; test: logloss_one = 0.668252; recall_one = 0.884864; hr_one = 0.884864; ndcg_one = 0.576365
2021-12-16 09:58:40,926:INFO: model = topk_10_mfmbe_point_weightdecay_0_batch_1024_dim_64_pinterest_neg_50_adam_0.001_norm_False_emb_dropout0_dnn_False_one; epoch = 17; train_loss = 0.046667; test: logloss_one = 1.918160; recall_one = 0.872361; hr_one = 0.872361; ndcg_one = 0.544804
2021-12-16 09:58:51,244:INFO: model = topk_10_mfbe_bpr_weightdecay_0_batch_1024_dim_64_pinterest_neg_50_adam_0.001_norm_False_emb_dropout0_dnn_False_one; epoch = 17; train_loss = 0.051399; test: logloss_one = 0.022095; recall_one = 0.879464; hr_one = 0.879464; ndcg_one = 0.557689
2021-12-16 09:58:56,051:INFO: model = topk_10_mfmbe_bpr_weightdecay_0_batch_1024_dim_64_pinterest_neg_50_adam_0.001_norm_False_emb_dropout0_dnn_False_one; epoch = 18; train_loss = 0.047713; test: logloss_one = 0.022644; recall_one = 0.880117; hr_one = 0.880117; ndcg_one = 0.560147
2021-12-16 09:58:58,246:INFO: model = topk_10_mfmbe_list_weightdecay_0_batch_1024_dim_64_pinterest_neg_50_adam_0.001_norm_False_emb_dropout0_dnn_False_one; epoch = 18; train_loss = 1.055608; test: logloss_one = 0.023968; recall_one = 0.880570; hr_one = 0.880570; ndcg_one = 0.571765
2021-12-16 09:59:01,183:INFO: model = topk_10_mfbe_point_weightdecay_0_batch_1024_dim_64_pinterest_neg_50_adam_0.001_norm_False_emb_dropout0_dnn_False_one; epoch = 17; train_loss = 0.046899; test: logloss_one = 1.903281; recall_one = 0.870495; hr_one = 0.870495; ndcg_one = 0.540448
2021-12-16 09:59:16,030:INFO: model = topk_10_mf_list_weightdecay_0_batch_1024_dim_64_pinterest_neg_50_adam_0.001_norm_False_emb_dropout0_dnn_False_one; epoch = 18; train_loss = 0.722838; test: logloss_one = 0.031254; recall_one = 0.867487; hr_one = 0.867487; ndcg_one = 0.558093
2021-12-16 09:59:27,929:INFO: model = topk_10_mf_point_weightdecay_0_batch_1024_dim_64_pinterest_neg_50_adam_0.001_norm_False_emb_dropout0_dnn_False_one; epoch = 18; train_loss = 0.042255; test: logloss_one = 1.917696; recall_one = 0.877634; hr_one = 0.877634; ndcg_one = 0.557210
2021-12-16 09:59:37,888:INFO: model = topk_10_mfbe_list_weightdecay_0_batch_1024_dim_64_pinterest_neg_50_adam_0.001_norm_False_emb_dropout0_dnn_False_one; epoch = 18; train_loss = 1.117359; test: logloss_one = 0.023475; recall_one = 0.880841; hr_one = 0.880841; ndcg_one = 0.570177
2021-12-16 09:59:51,423:INFO: model = topk_10_mfsvd_point_weightdecay_0_batch_1024_dim_64_pinterest_neg_50_adam_0.001_norm_False_emb_dropout0_dnn_False_one; epoch = 4; train_loss = 0.046469; test: logloss_one = 2.030128; recall_one = 0.871238; hr_one = 0.871238; ndcg_one = 0.559864
2021-12-16 09:59:52,775:INFO: model = topk_10_mfg_bpr_weightdecay_0_batch_1024_dim_64_pinterest_neg_50_adam_0.001_norm_False_emb_dropout0_dnn_False_one; epoch = 0; train_loss = -1.000000; test: logloss_one = 0.013300; recall_one = 0.150688; hr_one = 0.150688; ndcg_one = 0.075109
2021-12-16 09:59:55,762:INFO: model = topk_10_mf_bpr_weightdecay_0_batch_1024_dim_64_pinterest_neg_50_adam_0.001_norm_False_emb_dropout0_dnn_False_one; epoch = 18; train_loss = 0.027563; test: logloss_one = 0.029667; recall_one = 0.872397; hr_one = 0.872397; ndcg_one = 0.557661
2021-12-16 09:59:56,785:INFO: model = topk_10_mfg_point_weightdecay_0_batch_1024_dim_64_pinterest_neg_50_adam_0.001_norm_False_emb_dropout0_dnn_False_one; epoch = 19; train_loss = 0.043956; test: logloss_one = 1.947364; recall_one = 0.875007; hr_one = 0.875007; ndcg_one = 0.551098
2021-12-16 09:59:57,328:INFO: model = topk_10_mfbesvd_point_weightdecay_0_batch_1024_dim_64_pinterest_neg_50_adam_0.001_norm_False_emb_dropout0_dnn_False_one; epoch = 4; train_loss = 0.103433; test: logloss_one = 3.736724; recall_one = 0.612989; hr_one = 0.612989; ndcg_one = 0.373775
2021-12-16 09:59:58,414:INFO: model = topk_10_mfbesvd_list_weightdecay_0_batch_1024_dim_64_pinterest_neg_50_adam_0.001_norm_False_emb_dropout0_dnn_False_one; epoch = 18; train_loss = 0.812869; test: logloss_one = 0.729657; recall_one = 0.876982; hr_one = 0.876982; ndcg_one = 0.571849
2021-12-16 10:00:02,708:INFO: model = topk_10_mfg_list_weightdecay_0_batch_1024_dim_64_pinterest_neg_50_adam_0.001_norm_False_emb_dropout0_dnn_False_one; epoch = 3; train_loss = 2.241633; test: logloss_one = 0.264364; recall_one = 0.803486; hr_one = 0.803486; ndcg_one = 0.493526
2021-12-16 10:00:03,247:INFO: model = topk_10_mfbesvd_bpr_weightdecay_0_batch_1024_dim_64_pinterest_neg_50_adam_0.001_norm_False_emb_dropout0_dnn_False_one; epoch = 17; train_loss = 0.031153; test: logloss_one = 0.663814; recall_one = 0.882798; hr_one = 0.882798; ndcg_one = 0.575185
2021-12-16 10:00:20,092:INFO: model = topk_10_mfmbe_point_weightdecay_0_batch_1024_dim_64_pinterest_neg_50_adam_0.001_norm_False_emb_dropout0_dnn_False_one; epoch = 18; train_loss = 0.045892; test: logloss_one = 1.914636; recall_one = 0.873811; hr_one = 0.873811; ndcg_one = 0.548705
2021-12-16 10:00:30,466:INFO: model = topk_10_mfbe_bpr_weightdecay_0_batch_1024_dim_64_pinterest_neg_50_adam_0.001_norm_False_emb_dropout0_dnn_False_one; epoch = 18; train_loss = 0.049100; test: logloss_one = 0.022243; recall_one = 0.879501; hr_one = 0.879501; ndcg_one = 0.558786
2021-12-16 10:00:30,549:INFO: model = topk_10_mfmbe_bpr_weightdecay_0_batch_1024_dim_64_pinterest_neg_50_adam_0.001_norm_False_emb_dropout0_dnn_False_one; epoch = 19; train_loss = 0.045430; test: logloss_one = 0.022867; recall_one = 0.880062; hr_one = 0.880062; ndcg_one = 0.561287
2021-12-16 10:00:31,040:INFO: model = topk_10_mfmbe_list_weightdecay_0_batch_1024_dim_64_pinterest_neg_50_adam_0.001_norm_False_emb_dropout0_dnn_False_one; epoch = 19; train_loss = 1.019257; test: logloss_one = 0.024106; recall_one = 0.880370; hr_one = 0.880370; ndcg_one = 0.571386
2021-12-16 10:00:34,725:INFO: model = topk_10_mfbe_point_weightdecay_0_batch_1024_dim_64_pinterest_neg_50_adam_0.001_norm_False_emb_dropout0_dnn_False_one; epoch = 18; train_loss = 0.046087; test: logloss_one = 1.898666; recall_one = 0.871673; hr_one = 0.871673; ndcg_one = 0.543879
2021-12-16 10:01:05,642:INFO: model = topk_10_mf_point_weightdecay_0_batch_1024_dim_64_pinterest_neg_50_adam_0.001_norm_False_emb_dropout0_dnn_False_one; epoch = 19; train_loss = 0.041608; test: logloss_one = 1.926303; recall_one = 0.878087; hr_one = 0.878087; ndcg_one = 0.558400
2021-12-16 10:01:12,879:INFO: model = topk_10_mfbe_list_weightdecay_0_batch_1024_dim_64_pinterest_neg_50_adam_0.001_norm_False_emb_dropout0_dnn_False_one; epoch = 19; train_loss = 1.083629; test: logloss_one = 0.023551; recall_one = 0.881276; hr_one = 0.881276; ndcg_one = 0.570382
2021-12-16 10:01:22,691:INFO: model = topk_10_mfsvd_point_weightdecay_0_batch_1024_dim_64_pinterest_neg_50_adam_0.001_norm_False_emb_dropout0_dnn_False_one; epoch = 5; train_loss = 0.043065; test: logloss_one = 2.009898; recall_one = 0.872832; hr_one = 0.872832; ndcg_one = 0.562274
2021-12-16 10:01:29,194:INFO: model = topk_10_mfg_bpr_weightdecay_0_batch_1024_dim_64_pinterest_neg_50_adam_0.001_norm_False_emb_dropout0_dnn_False_one; epoch = 1; train_loss = 0.573814; test: logloss_one = 0.989833; recall_one = 0.296157; hr_one = 0.296157; ndcg_one = 0.155962
2021-12-16 10:01:31,061:INFO: model = topk_10_mfg_point_weightdecay_0_batch_1024_dim_64_pinterest_neg_50_adam_0.001_norm_False_emb_dropout0_dnn_False_one; epoch = 20; train_loss = 0.043214; test: logloss_one = 1.934448; recall_one = 0.876511; hr_one = 0.876511; ndcg_one = 0.553023
2021-12-16 10:01:32,684:INFO: model = topk_10_mf_bpr_weightdecay_0_batch_1024_dim_64_pinterest_neg_50_adam_0.001_norm_False_emb_dropout0_dnn_False_one; epoch = 19; train_loss = 0.026015; test: logloss_one = 0.030243; recall_one = 0.870513; hr_one = 0.870513; ndcg_one = 0.556234
2021-12-16 10:01:34,040:INFO: model = topk_10_mfbesvd_point_weightdecay_0_batch_1024_dim_64_pinterest_neg_50_adam_0.001_norm_False_emb_dropout0_dnn_False_one; epoch = 5; train_loss = 0.083231; test: logloss_one = 2.928040; recall_one = 0.784297; hr_one = 0.784297; ndcg_one = 0.494409
2021-12-16 10:01:35,792:INFO: model = topk_10_mfbesvd_list_weightdecay_0_batch_1024_dim_64_pinterest_neg_50_adam_0.001_norm_False_emb_dropout0_dnn_False_one; epoch = 19; train_loss = 0.786432; test: logloss_one = 0.725055; recall_one = 0.875478; hr_one = 0.875478; ndcg_one = 0.570188
2021-12-16 10:01:37,595:INFO: model = topk_10_mfbesvd_bpr_weightdecay_0_batch_1024_dim_64_pinterest_neg_50_adam_0.001_norm_False_emb_dropout0_dnn_False_one; epoch = 18; train_loss = 0.029268; test: logloss_one = 0.661002; recall_one = 0.881222; hr_one = 0.881222; ndcg_one = 0.574122
2021-12-16 10:01:41,210:INFO: model = topk_10_mfg_list_weightdecay_0_batch_1024_dim_64_pinterest_neg_50_adam_0.001_norm_False_emb_dropout0_dnn_False_one; epoch = 4; train_loss = 1.754900; test: logloss_one = 0.123129; recall_one = 0.844384; hr_one = 0.844384; ndcg_one = 0.523418
2021-12-16 10:01:58,645:INFO: model = topk_10_mfmbe_point_weightdecay_0_batch_1024_dim_64_pinterest_neg_50_adam_0.001_norm_False_emb_dropout0_dnn_False_one; epoch = 19; train_loss = 0.045108; test: logloss_one = 1.911935; recall_one = 0.875242; hr_one = 0.875242; ndcg_one = 0.550797
2021-12-16 10:02:03,779:INFO: model = topk_10_mfmbe_bpr_weightdecay_0_batch_1024_dim_64_pinterest_neg_50_adam_0.001_norm_False_emb_dropout0_dnn_False_one; epoch = 20; train_loss = 0.043061; test: logloss_one = 0.023034; recall_one = 0.880153; hr_one = 0.880153; ndcg_one = 0.561959
2021-12-16 10:02:04,319:INFO: model = topk_10_mfmbe_list_weightdecay_0_batch_1024_dim_64_pinterest_neg_50_adam_0.001_norm_False_emb_dropout0_dnn_False_one; epoch = 20; train_loss = 0.980506; test: logloss_one = 0.024246; recall_one = 0.879772; hr_one = 0.879772; ndcg_one = 0.571132
2021-12-16 10:02:08,395:INFO: model = topk_10_mfbe_point_weightdecay_0_batch_1024_dim_64_pinterest_neg_50_adam_0.001_norm_False_emb_dropout0_dnn_False_one; epoch = 19; train_loss = 0.045348; test: logloss_one = 1.897656; recall_one = 0.873539; hr_one = 0.873539; ndcg_one = 0.547186
2021-12-16 10:02:10,283:INFO: model = topk_10_mfbe_bpr_weightdecay_0_batch_1024_dim_64_pinterest_neg_50_adam_0.001_norm_False_emb_dropout0_dnn_False_one; epoch = 19; train_loss = 0.046874; test: logloss_one = 0.022438; recall_one = 0.878975; hr_one = 0.878975; ndcg_one = 0.559512
2021-12-16 10:02:12,858:INFO: model = topk_10_mfsvd_list_weightdecay_0_batch_1024_dim_64_pinterest_neg_50_adam_0.001_norm_False_emb_dropout0_dnn_False_one; epoch = 0; train_loss = -1.000000; test: logloss_one = 1.111657; recall_one = 0.818997; hr_one = 0.818997; ndcg_one = 0.531120
2021-12-16 10:02:43,482:INFO: model = topk_10_mf_point_weightdecay_0_batch_1024_dim_64_pinterest_neg_50_adam_0.001_norm_False_emb_dropout0_dnn_False_one; epoch = 20; train_loss = 0.040813; test: logloss_one = 1.932824; recall_one = 0.878287; hr_one = 0.878287; ndcg_one = 0.560170
2021-12-16 10:02:48,153:INFO: model = topk_10_mfbe_list_weightdecay_0_batch_1024_dim_64_pinterest_neg_50_adam_0.001_norm_False_emb_dropout0_dnn_False_one; epoch = 20; train_loss = 1.047688; test: logloss_one = 0.023568; recall_one = 0.880461; hr_one = 0.880461; ndcg_one = 0.570650
2021-12-16 10:02:53,862:INFO: model = topk_10_mfsvd_point_weightdecay_0_batch_1024_dim_64_pinterest_neg_50_adam_0.001_norm_False_emb_dropout0_dnn_False_one; epoch = 6; train_loss = 0.040833; test: logloss_one = 2.019350; recall_one = 0.873847; hr_one = 0.873847; ndcg_one = 0.562944
2021-12-16 10:03:05,733:INFO: model = topk_10_mfg_point_weightdecay_0_batch_1024_dim_64_pinterest_neg_50_adam_0.001_norm_False_emb_dropout0_dnn_False_one; epoch = 21; train_loss = 0.042918; test: logloss_one = 1.935907; recall_one = 0.876656; hr_one = 0.876656; ndcg_one = 0.552675
2021-12-16 10:03:06,301:INFO: model = topk_10_mfg_bpr_weightdecay_0_batch_1024_dim_64_pinterest_neg_50_adam_0.001_norm_False_emb_dropout0_dnn_False_one; epoch = 2; train_loss = 0.394184; test: logloss_one = 0.580710; recall_one = 0.686919; hr_one = 0.686919; ndcg_one = 0.399992
2021-12-16 10:03:10,638:INFO: model = topk_10_mf_bpr_weightdecay_0_batch_1024_dim_64_pinterest_neg_50_adam_0.001_norm_False_emb_dropout0_dnn_False_one; epoch = 20; train_loss = 0.024446; test: logloss_one = 0.030680; recall_one = 0.869734; hr_one = 0.869734; ndcg_one = 0.555698
2021-12-16 10:03:11,159:INFO: model = topk_10_mfbesvd_bpr_weightdecay_0_batch_1024_dim_64_pinterest_neg_50_adam_0.001_norm_False_emb_dropout0_dnn_False_one; epoch = 19; train_loss = 0.027593; test: logloss_one = 0.658576; recall_one = 0.880207; hr_one = 0.880207; ndcg_one = 0.572895
2021-12-16 10:03:11,392:INFO: model = topk_10_mfbesvd_point_weightdecay_0_batch_1024_dim_64_pinterest_neg_50_adam_0.001_norm_False_emb_dropout0_dnn_False_one; epoch = 6; train_loss = 0.068545; test: logloss_one = 2.444854; recall_one = 0.843858; hr_one = 0.843858; ndcg_one = 0.534986
2021-12-16 10:03:20,267:INFO: model = topk_10_mfg_list_weightdecay_0_batch_1024_dim_64_pinterest_neg_50_adam_0.001_norm_False_emb_dropout0_dnn_False_one; epoch = 5; train_loss = 1.545756; test: logloss_one = 0.077390; recall_one = 0.858717; hr_one = 0.858717; ndcg_one = 0.534607
2021-12-16 10:03:36,785:INFO: model = topk_10_mfmbe_list_weightdecay_0_batch_1024_dim_64_pinterest_neg_50_adam_0.001_norm_False_emb_dropout0_dnn_False_one; epoch = 21; train_loss = 0.953432; test: logloss_one = 0.024408; recall_one = 0.878848; hr_one = 0.878848; ndcg_one = 0.571242
2021-12-16 10:03:37,724:INFO: model = topk_10_mfmbe_point_weightdecay_0_batch_1024_dim_64_pinterest_neg_50_adam_0.001_norm_False_emb_dropout0_dnn_False_one; epoch = 20; train_loss = 0.044313; test: logloss_one = 1.910994; recall_one = 0.876438; hr_one = 0.876438; ndcg_one = 0.552735
2021-12-16 10:03:38,421:INFO: model = topk_10_mfmbe_bpr_weightdecay_0_batch_1024_dim_64_pinterest_neg_50_adam_0.001_norm_False_emb_dropout0_dnn_False_one; epoch = 21; train_loss = 0.041442; test: logloss_one = 0.023208; recall_one = 0.879899; hr_one = 0.879899; ndcg_one = 0.562104
2021-12-16 10:03:42,816:INFO: model = topk_10_mfbe_point_weightdecay_0_batch_1024_dim_64_pinterest_neg_50_adam_0.001_norm_False_emb_dropout0_dnn_False_one; epoch = 20; train_loss = 0.044572; test: logloss_one = 1.896809; recall_one = 0.874971; hr_one = 0.874971; ndcg_one = 0.550024
2021-12-16 10:03:48,336:INFO: model = topk_10_mfsvd_list_weightdecay_0_batch_1024_dim_64_pinterest_neg_50_adam_0.001_norm_False_emb_dropout0_dnn_False_one; epoch = 1; train_loss = 2.824470; test: logloss_one = 0.530918; recall_one = 0.832152; hr_one = 0.832152; ndcg_one = 0.537920
2021-12-16 10:03:48,376:INFO: model = topk_10_mfsvd_bpr_weightdecay_0_batch_1024_dim_64_pinterest_neg_50_adam_0.001_norm_False_emb_dropout0_dnn_False_one; epoch = 0; train_loss = -1.000000; test: logloss_one = 1.111657; recall_one = 0.818997; hr_one = 0.818997; ndcg_one = 0.531120
2021-12-16 10:03:48,936:INFO: model = topk_10_mfbe_bpr_weightdecay_0_batch_1024_dim_64_pinterest_neg_50_adam_0.001_norm_False_emb_dropout0_dnn_False_one; epoch = 20; train_loss = 0.044537; test: logloss_one = 0.022574; recall_one = 0.879229; hr_one = 0.879229; ndcg_one = 0.560410
2021-12-16 10:04:20,393:INFO: model = topk_10_mf_point_weightdecay_0_batch_1024_dim_64_pinterest_neg_50_adam_0.001_norm_False_emb_dropout0_dnn_False_one; epoch = 21; train_loss = 0.040282; test: logloss_one = 1.939162; recall_one = 0.879011; hr_one = 0.879011; ndcg_one = 0.561234
2021-12-16 10:04:23,294:INFO: model = topk_10_mfbe_list_weightdecay_0_batch_1024_dim_64_pinterest_neg_50_adam_0.001_norm_False_emb_dropout0_dnn_False_one; epoch = 21; train_loss = 1.021158; test: logloss_one = 0.023658; recall_one = 0.880153; hr_one = 0.880153; ndcg_one = 0.570697
2021-12-16 10:04:25,066:INFO: model = topk_10_mfsvd_point_weightdecay_0_batch_1024_dim_64_pinterest_neg_50_adam_0.001_norm_False_emb_dropout0_dnn_False_one; epoch = 7; train_loss = 0.039106; test: logloss_one = 2.048799; recall_one = 0.872053; hr_one = 0.872053; ndcg_one = 0.563066
